Log file open, 10/13/17 12:09:19
LogWindows: Failed to load 'aqProf.dll' (GetLastError=126)
LogWindows: File 'aqProf.dll' does not exist
LogWindows: Failed to load 'VtuneApi.dll' (GetLastError=126)
LogWindows: File 'VtuneApi.dll' does not exist
LogWindows: Failed to load 'VtuneApi32e.dll' (GetLastError=126)
LogWindows: File 'VtuneApi32e.dll' does not exist
LogInit: Display: Running engine for game: VR_01
LogPlatformFile: Not using cached read wrapper
LogInit: Display: RandInit(344210185) SRandInit(344210185).
LogTaskGraph: Started task graph with 5 named threads and 26 total threads with 3 sets of task threads.
LogStats: Stats thread started at 0.307237
LogD3D11RHI: Aftermath initialized
LogPluginManager: Mounting plugin Paper2D
LogPluginManager: Mounting plugin LightPropagationVolume
LogPluginManager: Mounting plugin CodeLiteSourceCodeAccess
LogPluginManager: Mounting plugin GitSourceControl
LogPluginManager: Mounting plugin KDevelopSourceCodeAccess
LogPluginManager: Mounting plugin NullSourceCodeAccess
LogPluginManager: Mounting plugin PerforceSourceControl
LogPluginManager: Mounting plugin SubversionSourceControl
LogPluginManager: Mounting plugin UObjectPlugin
LogPluginManager: Mounting plugin VisualStudioSourceCodeAccess
LogPluginManager: Mounting plugin XCodeSourceCodeAccess
LogPluginManager: Mounting plugin AssetManagerEditor
LogPluginManager: Mounting plugin AudioCapture
LogPluginManager: Mounting plugin FacialAnimation
LogPluginManager: Mounting plugin GameplayTagsEditor
LogPluginManager: Mounting plugin MobileLauncherProfileWizard
LogPluginManager: Mounting plugin PluginBrowser
LogPluginManager: Mounting plugin SpeedTreeImporter
LogPluginManager: Mounting plugin AlembicImporter
LogPluginManager: Mounting plugin CharacterAI
LogPluginManager: Mounting plugin HTML5Networking
LogPluginManager: Mounting plugin AndroidMedia
LogPluginManager: Mounting plugin AvfMedia
LogPluginManager: Mounting plugin MediaPlayerEditor
LogPluginManager: Mounting plugin WmfMedia
LogPluginManager: Mounting plugin TcpMessaging
LogPluginManager: Mounting plugin UdpMessaging
LogPluginManager: Mounting plugin LevelSequenceEditor
LogPluginManager: Mounting plugin MatineeToLevelSequence
LogPluginManager: Mounting plugin OnlineSubsystemGooglePlay
LogPluginManager: Mounting plugin OnlineSubsystemIOS
LogPluginManager: Mounting plugin OnlineSubsystem
LogPluginManager: Mounting plugin OnlineSubsystemNull
LogPluginManager: Mounting plugin OnlineSubsystemUtils
LogPluginManager: Mounting plugin AndroidDeviceProfileSelector
LogPluginManager: Mounting plugin AndroidMoviePlayer
LogPluginManager: Mounting plugin AndroidPermission
LogPluginManager: Mounting plugin AppleMoviePlayer
LogPluginManager: Mounting plugin ArchVisCharacter
LogPluginManager: Mounting plugin CableComponent
LogPluginManager: Mounting plugin CustomMeshComponent
LogPluginManager: Mounting plugin ExampleDeviceProfileSelector
LogPluginManager: Mounting plugin GoogleCloudMessaging
LogPluginManager: Mounting plugin ImmediatePhysics
LogPluginManager: Mounting plugin IOSDeviceProfileSelector
LogPluginManager: Mounting plugin LinuxDeviceProfileSelector
LogPluginManager: Mounting plugin LocationServicesBPLibrary
LogPluginManager: Mounting plugin MobilePatchingUtils
LogPluginManager: Mounting plugin OculusVR
LogPluginManager: Mounting plugin PhysXVehicles
LogPluginManager: Mounting plugin ProceduralMeshComponent
LogPluginManager: Mounting plugin RuntimePhysXCooking
LogPluginManager: Mounting plugin SteamVR
LogPluginManager: Mounting plugin WindowsMoviePlayer
LogInit: Using libcurl 7.47.1
LogInit:  - built for x86_64-pc-win32
LogInit:  - supports SSL with OpenSSL/1.0.2g
LogInit:  - supports HTTP deflate (compression) using libz 1.2.8
LogInit:  - other features:
LogInit:      CURL_VERSION_SSL
LogInit:      CURL_VERSION_LIBZ
LogInit:      CURL_VERSION_IPV6
LogInit:      CURL_VERSION_ASYNCHDNS
LogInit:      CURL_VERSION_LARGEFILE
LogInit:      CURL_VERSION_IDN
LogInit:  CurlRequestOptions (configurable via config and command line):
LogInit:  - bVerifyPeer = false  - Libcurl will NOT verify peer certificate
LogInit:  - bUseHttpProxy = false  - Libcurl will NOT use HTTP proxy
LogInit:  - bDontReuseConnections = false  - Libcurl will reuse connections
LogInit:  - CertBundlePath = nullptr  - Libcurl will use whatever was configured at build time.
LogInit: Build: ++UE4+Release-4.17-CL-3658906
LogInit: Engine Version: 4.17.2-3658906+++UE4+Release-4.17
LogInit: Compatible Engine Version: 4.17.0-3573198+++UE4+Release-4.17
LogInit: Net CL: 3573198
LogDevObjectVersion: Number of dev versions registered: 16
LogDevObjectVersion:   Dev-Blueprints (B0D832E4-1F89-4F0D-ACCF-7EB736FD4AA2): 10
LogDevObjectVersion:   Dev-Build (E1C64328-A22C-4D53-A36C-8E866417BD8C): 0
LogDevObjectVersion:   Dev-Core (375EC13C-06E4-48FB-B500-84F0262A717E): 2
LogDevObjectVersion:   Dev-Editor (E4B068ED-F494-42E9-A231-DA0B2E46BB41): 20
LogDevObjectVersion:   Dev-Framework (CFFC743F-43B0-4480-9391-14DF171D2073): 28
LogDevObjectVersion:   Dev-Mobile (B02B49B5-BB20-44E9-A304-32B752E40360): 0
LogDevObjectVersion:   Dev-Networking (A4E4105C-59A1-49B5-A7C5-40C4547EDFEE): 0
LogDevObjectVersion:   Dev-Online (39C831C9-5AE6-47DC-9A44-9C173E1C8E7C): 0
LogDevObjectVersion:   Dev-Physics (78F01B33-EBEA-4F98-B9B4-84EACCB95AA2): 0
LogDevObjectVersion:   Dev-Platform (6631380F-2D4D-43E0-8009-CF276956A95A): 0
LogDevObjectVersion:   Dev-Rendering (12F88B9F-8875-4AFC-A67C-D90C383ABD29): 19
LogDevObjectVersion:   Dev-Sequencer (7B5AE74C-D270-4C10-A958-57980B212A5A): 4
LogDevObjectVersion:   Dev-VR (D7296918-1DD6-4BDD-9DE2-64A83CC13884): 0
LogDevObjectVersion:   Dev-LoadTimes (C2A15278-BFE7-4AFE-6C17-90FF531DF755): 1
LogDevObjectVersion:   Private-Geometry (6EACA3D4-40EC-4CC1-B786-8BED09428FC5): 1
LogDevObjectVersion:   Dev-AnimPhys (29E575DD-E0A3-4627-9D10-D276232CDCEA): 7
LogInit: Compiled (64-bit): Sep 22 2017 13:47:16
LogInit: Compiled with Visual C++: 19.00.24215.01
LogInit: Build Configuration: Development
LogInit: Branch Name: ++UE4+Release-4.17
LogInit: Command line: -EpicPortal 
LogInit: Base directory: C:/Program Files/Epic Games/UE_4.17/Engine/Binaries/Win64/
LogInit: Installed Engine Build: 1
LogInit: Presizing for max 8388607 objects, including 0 objects not considered by GC, pre-allocating 0 bytes for permanent pool.
LogInit: Object subsystem initialized
[2017.10.13-11.09.20:221][  0]LogInit: Selected Device Profile: [Windows]
[2017.10.13-11.09.20:222][  0]LogInit: Applying CVar settings loaded from the selected device profile: [Windows]
[2017.10.13-11.09.20:228][  0]LogInit: Computer: E109782
[2017.10.13-11.09.20:228][  0]LogInit: User: telsoa01
[2017.10.13-11.09.20:228][  0]LogInit: CPU Page size=4096, Cores=8
[2017.10.13-11.09.20:228][  0]LogInit: High frequency timer resolution =2.922922 MHz
[2017.10.13-11.09.20:229][  0]LogMemory: Memory total: Physical=31.9GB (32GB approx)
[2017.10.13-11.09.20:229][  0]LogMemory: Platform Memory Stats for Windows
[2017.10.13-11.09.20:229][  0]LogMemory: Process Physical Memory: 280.34 MB used, 280.34 MB peak
[2017.10.13-11.09.20:229][  0]LogMemory: Process Virtual Memory: 281.70 MB used, 281.70 MB peak
[2017.10.13-11.09.20:229][  0]LogMemory: Physical Memory: 19333.86 MB used,  13332.23 MB free, 32666.09 MB total
[2017.10.13-11.09.20:229][  0]LogMemory: Virtual Memory: 669.17 MB used,  13332.23 MB free, 134217728.00 MB total
[2017.10.13-11.09.20:430][  0]LogInit: Using OS detected language (en-US).
[2017.10.13-11.09.20:430][  0]LogInit: Using OS detected locale (en-GB).
[2017.10.13-11.09.20:433][  0]LogTextLocalizationManager: No specific localization for 'en-US' exists, so the 'en' localization will be used.
[2017.10.13-11.09.21:204][  0]LogD3D11RHI: D3D11 adapters:
[2017.10.13-11.09.21:223][  0]LogD3D11RHI:    0. 'AMD Radeon R9 200 Series' (Feature Level 11_0)
[2017.10.13-11.09.21:223][  0]LogD3D11RHI:       2029/0/16333 MB DedicatedVideo/DedicatedSystem/SharedSystem, Outputs:2, VendorId:0x1002
[2017.10.13-11.09.21:226][  0]LogD3D11RHI:    1. 'Microsoft Basic Render Driver' (Feature Level 11_0)
[2017.10.13-11.09.21:226][  0]LogD3D11RHI:       0/0/16333 MB DedicatedVideo/DedicatedSystem/SharedSystem, Outputs:0, VendorId:0x1414
[2017.10.13-11.09.21:226][  0]LogD3D11RHI: Chosen D3D11 Adapter: 0
[2017.10.13-11.09.21:229][  0]LogD3D11RHI: Creating new Direct3DDevice
[2017.10.13-11.09.21:229][  0]LogD3D11RHI:     GPU DeviceId: 0x6810 (for the marketing name, search the web for "GPU Device Id")
[2017.10.13-11.09.21:229][  0]LogWindows: EnumDisplayDevices:
[2017.10.13-11.09.21:230][  0]LogWindows:    0. 'AMD Radeon R9 200 Series' (P:1 D:1)
[2017.10.13-11.09.21:230][  0]LogWindows:    1. 'AMD Radeon R9 200 Series' (P:0 D:1)
[2017.10.13-11.09.21:230][  0]LogWindows:    2. 'AMD Radeon R9 200 Series' (P:0 D:0)
[2017.10.13-11.09.21:230][  0]LogWindows:    3. 'AMD Radeon R9 200 Series' (P:0 D:0)
[2017.10.13-11.09.21:230][  0]LogWindows:    4. 'AMD Radeon R9 200 Series' (P:0 D:0)
[2017.10.13-11.09.21:231][  0]LogWindows:    5. 'AMD Radeon R9 200 Series' (P:0 D:0)
[2017.10.13-11.09.21:231][  0]LogWindows: DebugString: FoundDriverCount:6 
[2017.10.13-11.09.21:231][  0]LogD3D11RHI:     Adapter Name: AMD Radeon R9 200 Series
[2017.10.13-11.09.21:231][  0]LogD3D11RHI:   Driver Version: Crimson 16.6 (internal:21.19.137.514, unified:21.19.137.514)
[2017.10.13-11.09.21:231][  0]LogD3D11RHI:      Driver Date: 11-21-2016
[2017.10.13-11.09.21:231][  0]LogRHI: Texture pool is 1361 MB (70% of 1945 MB)
[2017.10.13-11.09.21:275][  0]LogD3D11RHI: Async texture creation enabled
[2017.10.13-11.09.21:288][  0]LogD3D11RHI: GPU Timing Frequency: 27.000000 (Debug: 2 1)
[2017.10.13-11.09.21:288][  0]LogShaderCompilers: Guid format shader working directory is 19 characters bigger than the processId version (F:/GitHubTelmo/VR_tests/VR_01/Intermediate/Shaders/WorkingDirectory/14816/).
[2017.10.13-11.09.21:289][  0]LogShaderCompilers: Cleaned the shader compiler working directory 'C:/Users/telsoa01/AppData/Local/Temp/UnrealShaderWorkingDir/19F5527E472823BC5664E79BB0A84D41/'.
[2017.10.13-11.09.21:289][  0]LogShaderCompilers: Display: Using Local Shader Compiler.
[2017.10.13-11.09.22:298][  0]LogTemp: Display: Loaded TP AllDesktopTargetPlatform
[2017.10.13-11.09.22:362][  0]LogTemp: Display: Loaded TP MacClientTargetPlatform
[2017.10.13-11.09.22:421][  0]LogTemp: Display: Loaded TP MacNoEditorTargetPlatform
[2017.10.13-11.09.22:476][  0]LogTemp: Display: Loaded TP MacServerTargetPlatform
[2017.10.13-11.09.22:535][  0]LogTemp: Display: Loaded TP MacTargetPlatform
[2017.10.13-11.09.22:602][  0]LogTemp: Display: Loaded TP WindowsClientTargetPlatform
[2017.10.13-11.09.22:654][  0]LogTemp: Display: Loaded TP WindowsNoEditorTargetPlatform
[2017.10.13-11.09.22:705][  0]LogTemp: Display: Loaded TP WindowsServerTargetPlatform
[2017.10.13-11.09.22:751][  0]LogTemp: Display: Loaded TP WindowsTargetPlatform
[2017.10.13-11.09.22:807][  0]LogTemp: Display: Loaded TP AndroidTargetPlatform
[2017.10.13-11.09.22:865][  0]LogTemp: Display: Loaded TP Android_ASTCTargetPlatform
[2017.10.13-11.09.22:921][  0]LogTemp: Display: Loaded TP Android_ATCTargetPlatform
[2017.10.13-11.09.22:984][  0]LogTemp: Display: Loaded TP Android_DXTTargetPlatform
[2017.10.13-11.09.23:040][  0]LogTemp: Display: Loaded TP Android_ETC1TargetPlatform
[2017.10.13-11.09.23:103][  0]LogTemp: Display: Loaded TP Android_ETC2TargetPlatform
[2017.10.13-11.09.23:223][  0]LogTemp: Display: Loaded TP Android_MultiTargetPlatform
[2017.10.13-11.09.23:223][  0]LogTemp: Display: Loaded TP Android_PVRTCTargetPlatform
[2017.10.13-11.09.23:267][  0]LogTemp: Display: Loaded TP HTML5TargetPlatform
[2017.10.13-11.09.23:373][  0]LogTemp: Display: Loaded TP IOSTargetPlatform
[2017.10.13-11.09.23:406][  0]LogTemp: Display: Loaded TP TVOSTargetPlatform
[2017.10.13-11.09.23:458][  0]LogTemp: Display: Loaded TP LinuxClientTargetPlatform
[2017.10.13-11.09.23:510][  0]LogTemp: Display: Loaded TP LinuxNoEditorTargetPlatform
[2017.10.13-11.09.23:575][  0]LogTemp: Display: Loaded TP LinuxServerTargetPlatform
[2017.10.13-11.09.23:629][  0]LogTemp: Display: Loaded TP LinuxTargetPlatform
[2017.10.13-11.09.23:629][  0]LogTargetPlatformManager: Display: Building Assets For Windows
[2017.10.13-11.09.24:128][  0]LogDerivedDataCache: Display: Max Cache Size: 512 MB
[2017.10.13-11.09.24:232][  0]LogDerivedDataCache: Loaded boot cache 0.10s 97MB C:/Users/telsoa01/AppData/Local/UnrealEngine/4.17/DerivedDataCache/Boot.ddc.
[2017.10.13-11.09.24:232][  0]LogDerivedDataCache: Display: Loaded Boot cache: C:/Users/telsoa01/AppData/Local/UnrealEngine/4.17/DerivedDataCache/Boot.ddc
[2017.10.13-11.09.24:232][  0]LogDerivedDataCache: FDerivedDataBackendGraph:  Pak pak cache file F:/GitHubTelmo/VR_tests/VR_01/DerivedDataCache/DDC.ddp not found, will not use a pak cache.
[2017.10.13-11.09.24:232][  0]LogDerivedDataCache: Unable to find inner node Pak for hierarchical cache Hierarchy.
[2017.10.13-11.09.24:232][  0]LogDerivedDataCache: FDerivedDataBackendGraph:  CompressedPak pak cache file F:/GitHubTelmo/VR_tests/VR_01/DerivedDataCache/Compressed.ddp not found, will not use a pak cache.
[2017.10.13-11.09.24:232][  0]LogDerivedDataCache: Unable to find inner node CompressedPak for hierarchical cache Hierarchy.
[2017.10.13-11.09.24:251][  0]LogDerivedDataCache: Display: Pak cache opened for reading ../../../Engine/DerivedDataCache/Compressed.ddp.
[2017.10.13-11.09.24:263][  0]LogDerivedDataCache: Using Local data cache path C:/Users/telsoa01/AppData/Local/UnrealEngine/Common/DerivedDataCache: Writable
[2017.10.13-11.09.24:274][  0]LogMaterial: Verifying Global Shaders for PCD3D_SM5
[2017.10.13-11.09.24:275][  0]LogSlate: Using Freetype 2.6.0
[2017.10.13-11.09.24:275][  0]LogSlate: SlateFontCache - WITH_FREETYPE: 1, WITH_HARFBUZZ: 1
[2017.10.13-11.09.24:275][  0]LogSlate: SlateFontCache - WITH_FREETYPE: 1, WITH_HARFBUZZ: 1
[2017.10.13-11.09.24:557][  0]LogAssetRegistry: FAssetRegistry took 0.0324 seconds to start up
[2017.10.13-11.09.24:683][  0]LogInit: Selected Device Profile: [Windows]
[2017.10.13-11.09.24:891][  0]LogContentStreaming: Texture pool size is 0.00 MB
[2017.10.13-11.09.25:232][  0]LogSimplygon: Simplygon DLL not present - disabling.
[2017.10.13-11.09.25:277][  0]LogMeshReduction: Using SimplygonSwarm for distributed automatic mesh merging
[2017.10.13-11.09.25:277][  0]LogMeshReduction: Using QuadricMeshReduction for automatic static mesh reduction
[2017.10.13-11.09.25:277][  0]LogMeshReduction: No automatic skeletal mesh reduction module available
[2017.10.13-11.09.25:277][  0]LogMeshReduction: No automatic mesh merging module available
[2017.10.13-11.09.25:277][  0]LogMeshMerging: No automatic mesh merging module available
[2017.10.13-11.09.25:668][  0]LogNetVersion: VR_01 , NetCL: 3573198, EngineNetVer: 2, GameNetVer: 0 (Checksum: 1841192023)
[2017.10.13-11.09.25:868][  0]LogPackageLocalizationCache: Processed 5 localized package path(s) for 2 prioritized culture(s) in 0.023972 seconds
[2017.10.13-11.09.25:872][  0]LogUObjectArray: 35825 objects as part of root set at end of initial load.
[2017.10.13-11.09.25:872][  0]LogUObjectAllocator: 7529104 out of 0 bytes used by permanent object pool.
[2017.10.13-11.09.25:872][  0]LogUObjectArray: CloseDisregardForGC: 0/0 objects in disregard for GC pool
[2017.10.13-11.09.25:944][  0]LogInit: WinSock: version 1.1 (2.2), MaxSocks=32767, MaxUdp=65467
[2017.10.13-11.09.28:869][  0]LogTcpMessaging: Initializing TcpMessaging bridge
[2017.10.13-11.09.28:920][  0]LogUdpMessaging: Initializing bridge on interface 0.0.0.0:0 to multicast group 230.0.0.1:6666.
[2017.10.13-11.09.29:595][  0]LogMaterial: Uniform references updated for custom material expression Custom.
[2017.10.13-11.09.30:031][  0]SourceControl: Source control is disabled
[2017.10.13-11.09.30:031][  0]SourceControl: Source control is disabled
[2017.10.13-11.09.30:083][  0]SourceControl: Source control is disabled
[2017.10.13-11.09.30:136][  0]SourceControl: Source control is disabled
[2017.10.13-11.09.30:747][  0]LogAndroidPermission: UAndroidPermissionCallbackProxy::GetInstance
[2017.10.13-11.09.31:002][  0]LogOcInput: OculusInput pre-init called
[2017.10.13-11.09.31:267][  0]LogEngine: Initializing Engine...
[2017.10.13-11.09.31:269][  0]LogHMD: Failed to initialize OpenVR with code 110
[2017.10.13-11.09.31:535][  0]LogStats: UGameplayTagsManager::ConstructGameplayTagTree: Construct from data asset -  0.000 s
[2017.10.13-11.09.31:535][  0]LogStats: UGameplayTagsManager::ConstructGameplayTagTree: GameplayTagTreeChangedEvent.Broadcast -  0.000 s
[2017.10.13-11.09.31:677][  0]LogAIModule: Creating AISystem for world Untitled
[2017.10.13-11.09.31:685][  0]LogInit: XAudio2 using 'Speakers (Realtek High Definition Audio)' : 2 channels at 48 kHz using 32 bits per sample (channel mask 0x3)
[2017.10.13-11.09.31:695][  0]LogInit: FAudioDevice initialized.
[2017.10.13-11.09.31:787][  0]LogDerivedDataCache: Saved boot cache 0.09s 106MB C:/Users/telsoa01/AppData/Local/UnrealEngine/4.17/DerivedDataCache/Boot.ddc.
[2017.10.13-11.09.31:800][  0]LogInit: Texture streaming: Enabled
[2017.10.13-11.09.31:921][  0]LogEngineSessionManager: EngineSessionManager initialized
[2017.10.13-11.09.32:149][  0]LogInit: Transaction tracking system initialized
[2017.10.13-11.09.32:500][  0]BlueprintLog: New page: Editor Load
[2017.10.13-11.09.33:470][  0]LocalizationService: Localization service is disabled
[2017.10.13-11.09.34:213][  0]LogConsoleResponse: Display: 
[2017.10.13-11.09.34:399][  0]LogCook: Display: Max memory allowance for cook 16384mb min free memory 0mb
[2017.10.13-11.09.34:399][  0]LogCook: Display: Mobile HDR setting 1
[2017.10.13-11.09.34:399][  0]LogGameplayTags: Display: UGameplayTagsManager::DoneAddingNativeTags. DelegateIsBound: 0
[2017.10.13-11.09.34:556][  0]LogFileCache: Scanning file cache for directory 'F:/GitHubTelmo/VR_tests/VR_01/Content/' took 0.01s
[2017.10.13-11.09.35:491][  0]SourceControl: Source control is disabled
[2017.10.13-11.09.35:493][  0]LogFactory: FactoryCreateFile: PackFactory with PackFactory (0 0 C:/Program Files/Epic Games/UE_4.17/FeaturePacks/StarterContent.upack)
[2017.10.13-11.09.35:500][  0]LogPackFactory: Finished extracting 8 files (including 0 errors).
[2017.10.13-11.09.35:568][  0]LogPackFactory: Copied "../../../Samples/StarterContent/Content/StarterContent/Architecture/Floor_400x400.uasset" to "F:/GitHubTelmo/VR_tests/VR_01/Content/StarterContent/Architecture/Floor_400x400.uasset"
[2017.10.13-11.09.35:569][  0]LogPackFactory: Copied "../../../Samples/StarterContent/Content/StarterContent/Architecture/Pillar_50x500.uasset" to "F:/GitHubTelmo/VR_tests/VR_01/Content/StarterContent/Architecture/Pillar_50x500.uasset"
[2017.10.13-11.09.35:572][  0]LogPackFactory: Copied "../../../Samples/StarterContent/Content/StarterContent/Architecture/SM_AssetPlatform.uasset" to "F:/GitHubTelmo/VR_tests/VR_01/Content/StarterContent/Architecture/SM_AssetPlatform.uasset"
[2017.10.13-11.09.35:573][  0]LogPackFactory: Copied "../../../Samples/StarterContent/Content/StarterContent/Architecture/Wall_400x200.uasset" to "F:/GitHubTelmo/VR_tests/VR_01/Content/StarterContent/Architecture/Wall_400x200.uasset"
[2017.10.13-11.09.35:574][  0]LogPackFactory: Copied "../../../Samples/StarterContent/Content/StarterContent/Architecture/Wall_400x300.uasset" to "F:/GitHubTelmo/VR_tests/VR_01/Content/StarterContent/Architecture/Wall_400x300.uasset"
[2017.10.13-11.09.35:576][  0]LogPackFactory: Copied "../../../Samples/StarterContent/Content/StarterContent/Architecture/Wall_400x400.uasset" to "F:/GitHubTelmo/VR_tests/VR_01/Content/StarterContent/Architecture/Wall_400x400.uasset"
[2017.10.13-11.09.35:576][  0]LogPackFactory: Copied "../../../Samples/StarterContent/Content/StarterContent/Architecture/Wall_500x500.uasset" to "F:/GitHubTelmo/VR_tests/VR_01/Content/StarterContent/Architecture/Wall_500x500.uasset"
[2017.10.13-11.09.35:577][  0]LogPackFactory: Copied "../../../Samples/StarterContent/Content/StarterContent/Architecture/Wall_Door_400x300.uasset" to "F:/GitHubTelmo/VR_tests/VR_01/Content/StarterContent/Architecture/Wall_Door_400x300.uasset"
[2017.10.13-11.09.35:577][  0]LogPackFactory: Copied "../../../Samples/StarterContent/Content/StarterContent/Architecture/Wall_Door_400x400.uasset" to "F:/GitHubTelmo/VR_tests/VR_01/Content/StarterContent/Architecture/Wall_Door_400x400.uasset"
[2017.10.13-11.09.35:578][  0]LogPackFactory: Copied "../../../Samples/StarterContent/Content/StarterContent/Architecture/Wall_Window_400x300.uasset" to "F:/GitHubTelmo/VR_tests/VR_01/Content/StarterContent/Architecture/Wall_Window_400x300.uasset"
[2017.10.13-11.09.35:579][  0]LogPackFactory: Copied "../../../Samples/StarterContent/Content/StarterContent/Architecture/Wall_Window_400x400.uasset" to "F:/GitHubTelmo/VR_tests/VR_01/Content/StarterContent/Architecture/Wall_Window_400x400.uasset"
[2017.10.13-11.09.35:579][  0]LogPackFactory: Copied "../../../Samples/StarterContent/Content/StarterContent/Audio/Collapse01.uasset" to "F:/GitHubTelmo/VR_tests/VR_01/Content/StarterContent/Audio/Collapse01.uasset"
[2017.10.13-11.09.35:580][  0]LogPackFactory: Copied "../../../Samples/StarterContent/Content/StarterContent/Audio/Collapse02.uasset" to "F:/GitHubTelmo/VR_tests/VR_01/Content/StarterContent/Audio/Collapse02.uasset"
[2017.10.13-11.09.35:581][  0]LogPackFactory: Copied "../../../Samples/StarterContent/Content/StarterContent/Audio/Collapse_Cue.uasset" to "F:/GitHubTelmo/VR_tests/VR_01/Content/StarterContent/Audio/Collapse_Cue.uasset"
[2017.10.13-11.09.35:582][  0]LogPackFactory: Copied "../../../Samples/StarterContent/Content/StarterContent/Audio/Explosion01.uasset" to "F:/GitHubTelmo/VR_tests/VR_01/Content/StarterContent/Audio/Explosion01.uasset"
[2017.10.13-11.09.35:583][  0]LogPackFactory: Copied "../../../Samples/StarterContent/Content/StarterContent/Audio/Explosion02.uasset" to "F:/GitHubTelmo/VR_tests/VR_01/Content/StarterContent/Audio/Explosion02.uasset"
[2017.10.13-11.09.35:583][  0]LogPackFactory: Copied "../../../Samples/StarterContent/Content/StarterContent/Audio/Explosion_Cue.uasset" to "F:/GitHubTelmo/VR_tests/VR_01/Content/StarterContent/Audio/Explosion_Cue.uasset"
[2017.10.13-11.09.35:584][  0]LogPackFactory: Copied "../../../Samples/StarterContent/Content/StarterContent/Audio/Fire01.uasset" to "F:/GitHubTelmo/VR_tests/VR_01/Content/StarterContent/Audio/Fire01.uasset"
[2017.10.13-11.09.35:585][  0]LogPackFactory: Copied "../../../Samples/StarterContent/Content/StarterContent/Audio/Fire01_Cue.uasset" to "F:/GitHubTelmo/VR_tests/VR_01/Content/StarterContent/Audio/Fire01_Cue.uasset"
[2017.10.13-11.09.35:586][  0]LogPackFactory: Copied "../../../Samples/StarterContent/Content/StarterContent/Audio/Fire_Sparks01.uasset" to "F:/GitHubTelmo/VR_tests/VR_01/Content/StarterContent/Audio/Fire_Sparks01.uasset"
[2017.10.13-11.09.35:587][  0]LogPackFactory: Copied "../../../Samples/StarterContent/Content/StarterContent/Audio/Fire_Sparks01_Cue.uasset" to "F:/GitHubTelmo/VR_tests/VR_01/Content/StarterContent/Audio/Fire_Sparks01_Cue.uasset"
[2017.10.13-11.09.35:587][  0]LogPackFactory: Copied "../../../Samples/StarterContent/Content/StarterContent/Audio/Light01.uasset" to "F:/GitHubTelmo/VR_tests/VR_01/Content/StarterContent/Audio/Light01.uasset"
[2017.10.13-11.09.35:588][  0]LogPackFactory: Copied "../../../Samples/StarterContent/Content/StarterContent/Audio/Light01_Cue.uasset" to "F:/GitHubTelmo/VR_tests/VR_01/Content/StarterContent/Audio/Light01_Cue.uasset"
[2017.10.13-11.09.35:589][  0]LogPackFactory: Copied "../../../Samples/StarterContent/Content/StarterContent/Audio/Light02.uasset" to "F:/GitHubTelmo/VR_tests/VR_01/Content/StarterContent/Audio/Light02.uasset"
[2017.10.13-11.09.35:589][  0]LogPackFactory: Copied "../../../Samples/StarterContent/Content/StarterContent/Audio/Light02_Cue.uasset" to "F:/GitHubTelmo/VR_tests/VR_01/Content/StarterContent/Audio/Light02_Cue.uasset"
[2017.10.13-11.09.35:590][  0]LogPackFactory: Copied "../../../Samples/StarterContent/Content/StarterContent/Audio/Smoke01.uasset" to "F:/GitHubTelmo/VR_tests/VR_01/Content/StarterContent/Audio/Smoke01.uasset"
[2017.10.13-11.09.35:591][  0]LogPackFactory: Copied "../../../Samples/StarterContent/Content/StarterContent/Audio/Smoke01_Cue.uasset" to "F:/GitHubTelmo/VR_tests/VR_01/Content/StarterContent/Audio/Smoke01_Cue.uasset"
[2017.10.13-11.09.35:591][  0]LogPackFactory: Copied "../../../Samples/StarterContent/Content/StarterContent/Audio/Starter_Background_Cue.uasset" to "F:/GitHubTelmo/VR_tests/VR_01/Content/StarterContent/Audio/Starter_Background_Cue.uasset"
[2017.10.13-11.09.35:594][  0]LogPackFactory: Copied "../../../Samples/StarterContent/Content/StarterContent/Audio/Starter_Birds01.uasset" to "F:/GitHubTelmo/VR_tests/VR_01/Content/StarterContent/Audio/Starter_Birds01.uasset"
[2017.10.13-11.09.35:599][  0]LogPackFactory: Copied "../../../Samples/StarterContent/Content/StarterContent/Audio/Starter_Music01.uasset" to "F:/GitHubTelmo/VR_tests/VR_01/Content/StarterContent/Audio/Starter_Music01.uasset"
[2017.10.13-11.09.35:600][  0]LogPackFactory: Copied "../../../Samples/StarterContent/Content/StarterContent/Audio/Starter_Music_Cue.uasset" to "F:/GitHubTelmo/VR_tests/VR_01/Content/StarterContent/Audio/Starter_Music_Cue.uasset"
[2017.10.13-11.09.35:602][  0]LogPackFactory: Copied "../../../Samples/StarterContent/Content/StarterContent/Audio/Starter_Wind05.uasset" to "F:/GitHubTelmo/VR_tests/VR_01/Content/StarterContent/Audio/Starter_Wind05.uasset"
[2017.10.13-11.09.35:604][  0]LogPackFactory: Copied "../../../Samples/StarterContent/Content/StarterContent/Audio/Starter_Wind06.uasset" to "F:/GitHubTelmo/VR_tests/VR_01/Content/StarterContent/Audio/Starter_Wind06.uasset"
[2017.10.13-11.09.35:605][  0]LogPackFactory: Copied "../../../Samples/StarterContent/Content/StarterContent/Audio/Steam01.uasset" to "F:/GitHubTelmo/VR_tests/VR_01/Content/StarterContent/Audio/Steam01.uasset"
[2017.10.13-11.09.35:606][  0]LogPackFactory: Copied "../../../Samples/StarterContent/Content/StarterContent/Audio/Steam01_Cue.uasset" to "F:/GitHubTelmo/VR_tests/VR_01/Content/StarterContent/Audio/Steam01_Cue.uasset"
[2017.10.13-11.09.35:606][  0]LogPackFactory: Copied "../../../Samples/StarterContent/Content/StarterContent/Blueprints/Blueprint_CeilingLight.uasset" to "F:/GitHubTelmo/VR_tests/VR_01/Content/StarterContent/Blueprints/Blueprint_CeilingLight.uasset"
[2017.10.13-11.09.35:607][  0]LogPackFactory: Copied "../../../Samples/StarterContent/Content/StarterContent/Blueprints/Blueprint_Effect_Explosion.uasset" to "F:/GitHubTelmo/VR_tests/VR_01/Content/StarterContent/Blueprints/Blueprint_Effect_Explosion.uasset"
[2017.10.13-11.09.35:608][  0]LogPackFactory: Copied "../../../Samples/StarterContent/Content/StarterContent/Blueprints/Blueprint_Effect_Fire.uasset" to "F:/GitHubTelmo/VR_tests/VR_01/Content/StarterContent/Blueprints/Blueprint_Effect_Fire.uasset"
[2017.10.13-11.09.35:608][  0]LogPackFactory: Copied "../../../Samples/StarterContent/Content/StarterContent/Blueprints/Blueprint_Effect_Smoke.uasset" to "F:/GitHubTelmo/VR_tests/VR_01/Content/StarterContent/Blueprints/Blueprint_Effect_Smoke.uasset"
[2017.10.13-11.09.35:609][  0]LogPackFactory: Copied "../../../Samples/StarterContent/Content/StarterContent/Blueprints/Blueprint_Effect_Sparks.uasset" to "F:/GitHubTelmo/VR_tests/VR_01/Content/StarterContent/Blueprints/Blueprint_Effect_Sparks.uasset"
[2017.10.13-11.09.35:609][  0]LogPackFactory: Copied "../../../Samples/StarterContent/Content/StarterContent/Blueprints/Blueprint_Effect_Steam.uasset" to "F:/GitHubTelmo/VR_tests/VR_01/Content/StarterContent/Blueprints/Blueprint_Effect_Steam.uasset"
[2017.10.13-11.09.35:610][  0]LogPackFactory: Copied "../../../Samples/StarterContent/Content/StarterContent/Blueprints/Blueprint_WallSconce.uasset" to "F:/GitHubTelmo/VR_tests/VR_01/Content/StarterContent/Blueprints/Blueprint_WallSconce.uasset"
[2017.10.13-11.09.35:611][  0]LogPackFactory: Copied "../../../Samples/StarterContent/Content/StarterContent/Blueprints/BP_LightStudio.uasset" to "F:/GitHubTelmo/VR_tests/VR_01/Content/StarterContent/Blueprints/BP_LightStudio.uasset"
[2017.10.13-11.09.35:612][  0]LogPackFactory: Copied "../../../Samples/StarterContent/Content/StarterContent/Blueprints/Assets/FogBrightnessLUT.uasset" to "F:/GitHubTelmo/VR_tests/VR_01/Content/StarterContent/Blueprints/Assets/FogBrightnessLUT.uasset"
[2017.10.13-11.09.35:612][  0]LogPackFactory: Copied "../../../Samples/StarterContent/Content/StarterContent/Blueprints/Assets/M_LightStage_Arrows.uasset" to "F:/GitHubTelmo/VR_tests/VR_01/Content/StarterContent/Blueprints/Assets/M_LightStage_Arrows.uasset"
[2017.10.13-11.09.35:613][  0]LogPackFactory: Copied "../../../Samples/StarterContent/Content/StarterContent/Blueprints/Assets/M_LightStage_Skybox_Black.uasset" to "F:/GitHubTelmo/VR_tests/VR_01/Content/StarterContent/Blueprints/Assets/M_LightStage_Skybox_Black.uasset"
[2017.10.13-11.09.35:614][  0]LogPackFactory: Copied "../../../Samples/StarterContent/Content/StarterContent/Blueprints/Assets/M_LightStage_Skybox_HDRI.uasset" to "F:/GitHubTelmo/VR_tests/VR_01/Content/StarterContent/Blueprints/Assets/M_LightStage_Skybox_HDRI.uasset"
[2017.10.13-11.09.35:614][  0]LogPackFactory: Copied "../../../Samples/StarterContent/Content/StarterContent/Blueprints/Assets/M_LightStage_Skybox_Master.uasset" to "F:/GitHubTelmo/VR_tests/VR_01/Content/StarterContent/Blueprints/Assets/M_LightStage_Skybox_Master.uasset"
[2017.10.13-11.09.35:615][  0]LogPackFactory: Copied "../../../Samples/StarterContent/Content/StarterContent/Blueprints/Assets/Skybox.uasset" to "F:/GitHubTelmo/VR_tests/VR_01/Content/StarterContent/Blueprints/Assets/Skybox.uasset"
[2017.10.13-11.09.35:616][  0]LogPackFactory: Copied "../../../Samples/StarterContent/Content/StarterContent/Blueprints/Assets/SM_Arrows.uasset" to "F:/GitHubTelmo/VR_tests/VR_01/Content/StarterContent/Blueprints/Assets/SM_Arrows.uasset"
[2017.10.13-11.09.35:617][  0]LogPackFactory: Copied "../../../Samples/StarterContent/Content/StarterContent/Blueprints/Assets/SunlightColorLUT.uasset" to "F:/GitHubTelmo/VR_tests/VR_01/Content/StarterContent/Blueprints/Assets/SunlightColorLUT.uasset"
[2017.10.13-11.09.35:660][  0]LogPackFactory: Copied "../../../Samples/StarterContent/Content/StarterContent/HDRI/HDRI_Epic_Courtyard_Daylight.uasset" to "F:/GitHubTelmo/VR_tests/VR_01/Content/StarterContent/HDRI/HDRI_Epic_Courtyard_Daylight.uasset"
[2017.10.13-11.09.35:661][  0]LogPackFactory: Copied "../../../Samples/StarterContent/Content/StarterContent/Maps/Advanced_Lighting.umap" to "F:/GitHubTelmo/VR_tests/VR_01/Content/StarterContent/Maps/Advanced_Lighting.umap"
[2017.10.13-11.09.35:661][  0]LogPackFactory: Copied "../../../Samples/StarterContent/Content/StarterContent/Maps/Advanced_Lighting_BuiltData.uasset" to "F:/GitHubTelmo/VR_tests/VR_01/Content/StarterContent/Maps/Advanced_Lighting_BuiltData.uasset"
[2017.10.13-11.09.35:663][  0]LogPackFactory: Copied "../../../Samples/StarterContent/Content/StarterContent/Maps/Minimal_Default.umap" to "F:/GitHubTelmo/VR_tests/VR_01/Content/StarterContent/Maps/Minimal_Default.umap"
[2017.10.13-11.09.35:664][  0]LogPackFactory: Copied "../../../Samples/StarterContent/Content/StarterContent/Maps/Minimal_Default_BuiltData.uasset" to "F:/GitHubTelmo/VR_tests/VR_01/Content/StarterContent/Maps/Minimal_Default_BuiltData.uasset"
[2017.10.13-11.09.35:670][  0]LogPackFactory: Copied "../../../Samples/StarterContent/Content/StarterContent/Maps/StarterMap.umap" to "F:/GitHubTelmo/VR_tests/VR_01/Content/StarterContent/Maps/StarterMap.umap"
[2017.10.13-11.09.35:678][  0]LogPackFactory: Copied "../../../Samples/StarterContent/Content/StarterContent/Maps/StarterMap_BuiltData.uasset" to "F:/GitHubTelmo/VR_tests/VR_01/Content/StarterContent/Maps/StarterMap_BuiltData.uasset"
[2017.10.13-11.09.35:679][  0]LogPackFactory: Copied "../../../Samples/StarterContent/Content/StarterContent/Materials/M_AssetPlatform.uasset" to "F:/GitHubTelmo/VR_tests/VR_01/Content/StarterContent/Materials/M_AssetPlatform.uasset"
[2017.10.13-11.09.35:679][  0]LogPackFactory: Copied "../../../Samples/StarterContent/Content/StarterContent/Materials/M_Basic_Floor.uasset" to "F:/GitHubTelmo/VR_tests/VR_01/Content/StarterContent/Materials/M_Basic_Floor.uasset"
[2017.10.13-11.09.35:680][  0]LogPackFactory: Copied "../../../Samples/StarterContent/Content/StarterContent/Materials/M_Basic_Wall.uasset" to "F:/GitHubTelmo/VR_tests/VR_01/Content/StarterContent/Materials/M_Basic_Wall.uasset"
[2017.10.13-11.09.35:681][  0]LogPackFactory: Copied "../../../Samples/StarterContent/Content/StarterContent/Materials/M_Brick_Clay_Beveled.uasset" to "F:/GitHubTelmo/VR_tests/VR_01/Content/StarterContent/Materials/M_Brick_Clay_Beveled.uasset"
[2017.10.13-11.09.35:682][  0]LogPackFactory: Copied "../../../Samples/StarterContent/Content/StarterContent/Materials/M_Brick_Clay_New.uasset" to "F:/GitHubTelmo/VR_tests/VR_01/Content/StarterContent/Materials/M_Brick_Clay_New.uasset"
[2017.10.13-11.09.35:682][  0]LogPackFactory: Copied "../../../Samples/StarterContent/Content/StarterContent/Materials/M_Brick_Clay_Old.uasset" to "F:/GitHubTelmo/VR_tests/VR_01/Content/StarterContent/Materials/M_Brick_Clay_Old.uasset"
[2017.10.13-11.09.35:683][  0]LogPackFactory: Copied "../../../Samples/StarterContent/Content/StarterContent/Materials/M_Brick_Cut_Stone.uasset" to "F:/GitHubTelmo/VR_tests/VR_01/Content/StarterContent/Materials/M_Brick_Cut_Stone.uasset"
[2017.10.13-11.09.35:684][  0]LogPackFactory: Copied "../../../Samples/StarterContent/Content/StarterContent/Materials/M_Brick_Hewn_Stone.uasset" to "F:/GitHubTelmo/VR_tests/VR_01/Content/StarterContent/Materials/M_Brick_Hewn_Stone.uasset"
[2017.10.13-11.09.35:684][  0]LogPackFactory: Copied "../../../Samples/StarterContent/Content/StarterContent/Materials/M_Ceramic_Tile_Checker.uasset" to "F:/GitHubTelmo/VR_tests/VR_01/Content/StarterContent/Materials/M_Ceramic_Tile_Checker.uasset"
[2017.10.13-11.09.35:685][  0]LogPackFactory: Copied "../../../Samples/StarterContent/Content/StarterContent/Materials/M_CobbleStone_Pebble.uasset" to "F:/GitHubTelmo/VR_tests/VR_01/Content/StarterContent/Materials/M_CobbleStone_Pebble.uasset"
[2017.10.13-11.09.35:686][  0]LogPackFactory: Copied "../../../Samples/StarterContent/Content/StarterContent/Materials/M_CobbleStone_Rough.uasset" to "F:/GitHubTelmo/VR_tests/VR_01/Content/StarterContent/Materials/M_CobbleStone_Rough.uasset"
[2017.10.13-11.09.35:686][  0]LogPackFactory: Copied "../../../Samples/StarterContent/Content/StarterContent/Materials/M_CobbleStone_Smooth.uasset" to "F:/GitHubTelmo/VR_tests/VR_01/Content/StarterContent/Materials/M_CobbleStone_Smooth.uasset"
[2017.10.13-11.09.35:687][  0]LogPackFactory: Copied "../../../Samples/StarterContent/Content/StarterContent/Materials/M_ColorGrid_LowSpec.uasset" to "F:/GitHubTelmo/VR_tests/VR_01/Content/StarterContent/Materials/M_ColorGrid_LowSpec.uasset"
[2017.10.13-11.09.35:688][  0]LogPackFactory: Copied "../../../Samples/StarterContent/Content/StarterContent/Materials/M_Concrete_Grime.uasset" to "F:/GitHubTelmo/VR_tests/VR_01/Content/StarterContent/Materials/M_Concrete_Grime.uasset"
[2017.10.13-11.09.35:688][  0]LogPackFactory: Copied "../../../Samples/StarterContent/Content/StarterContent/Materials/M_Concrete_Panels.uasset" to "F:/GitHubTelmo/VR_tests/VR_01/Content/StarterContent/Materials/M_Concrete_Panels.uasset"
[2017.10.13-11.09.35:689][  0]LogPackFactory: Copied "../../../Samples/StarterContent/Content/StarterContent/Materials/M_Concrete_Poured.uasset" to "F:/GitHubTelmo/VR_tests/VR_01/Content/StarterContent/Materials/M_Concrete_Poured.uasset"
[2017.10.13-11.09.35:690][  0]LogPackFactory: Copied "../../../Samples/StarterContent/Content/StarterContent/Materials/M_Concrete_Tiles.uasset" to "F:/GitHubTelmo/VR_tests/VR_01/Content/StarterContent/Materials/M_Concrete_Tiles.uasset"
[2017.10.13-11.09.35:690][  0]LogPackFactory: Copied "../../../Samples/StarterContent/Content/StarterContent/Materials/M_Glass.uasset" to "F:/GitHubTelmo/VR_tests/VR_01/Content/StarterContent/Materials/M_Glass.uasset"
[2017.10.13-11.09.35:691][  0]LogPackFactory: Copied "../../../Samples/StarterContent/Content/StarterContent/Materials/M_Ground_Grass.uasset" to "F:/GitHubTelmo/VR_tests/VR_01/Content/StarterContent/Materials/M_Ground_Grass.uasset"
[2017.10.13-11.09.35:692][  0]LogPackFactory: Copied "../../../Samples/StarterContent/Content/StarterContent/Materials/M_Ground_Gravel.uasset" to "F:/GitHubTelmo/VR_tests/VR_01/Content/StarterContent/Materials/M_Ground_Gravel.uasset"
[2017.10.13-11.09.35:692][  0]LogPackFactory: Copied "../../../Samples/StarterContent/Content/StarterContent/Materials/M_Ground_Moss.uasset" to "F:/GitHubTelmo/VR_tests/VR_01/Content/StarterContent/Materials/M_Ground_Moss.uasset"
[2017.10.13-11.09.35:693][  0]LogPackFactory: Copied "../../../Samples/StarterContent/Content/StarterContent/Materials/M_Metal_Brushed_Nickel.uasset" to "F:/GitHubTelmo/VR_tests/VR_01/Content/StarterContent/Materials/M_Metal_Brushed_Nickel.uasset"
[2017.10.13-11.09.35:694][  0]LogPackFactory: Copied "../../../Samples/StarterContent/Content/StarterContent/Materials/M_Metal_Burnished_Steel.uasset" to "F:/GitHubTelmo/VR_tests/VR_01/Content/StarterContent/Materials/M_Metal_Burnished_Steel.uasset"
[2017.10.13-11.09.35:694][  0]LogPackFactory: Copied "../../../Samples/StarterContent/Content/StarterContent/Materials/M_Metal_Chrome.uasset" to "F:/GitHubTelmo/VR_tests/VR_01/Content/StarterContent/Materials/M_Metal_Chrome.uasset"
[2017.10.13-11.09.35:695][  0]LogPackFactory: Copied "../../../Samples/StarterContent/Content/StarterContent/Materials/M_Metal_Copper.uasset" to "F:/GitHubTelmo/VR_tests/VR_01/Content/StarterContent/Materials/M_Metal_Copper.uasset"
[2017.10.13-11.09.35:696][  0]LogPackFactory: Copied "../../../Samples/StarterContent/Content/StarterContent/Materials/M_Metal_Gold.uasset" to "F:/GitHubTelmo/VR_tests/VR_01/Content/StarterContent/Materials/M_Metal_Gold.uasset"
[2017.10.13-11.09.35:697][  0]LogPackFactory: Copied "../../../Samples/StarterContent/Content/StarterContent/Materials/M_Metal_Rust.uasset" to "F:/GitHubTelmo/VR_tests/VR_01/Content/StarterContent/Materials/M_Metal_Rust.uasset"
[2017.10.13-11.09.35:697][  0]LogPackFactory: Copied "../../../Samples/StarterContent/Content/StarterContent/Materials/M_Metal_Steel.uasset" to "F:/GitHubTelmo/VR_tests/VR_01/Content/StarterContent/Materials/M_Metal_Steel.uasset"
[2017.10.13-11.09.35:698][  0]LogPackFactory: Copied "../../../Samples/StarterContent/Content/StarterContent/Materials/M_Rock_Basalt.uasset" to "F:/GitHubTelmo/VR_tests/VR_01/Content/StarterContent/Materials/M_Rock_Basalt.uasset"
[2017.10.13-11.09.35:699][  0]LogPackFactory: Copied "../../../Samples/StarterContent/Content/StarterContent/Materials/M_Rock_Marble_Polished.uasset" to "F:/GitHubTelmo/VR_tests/VR_01/Content/StarterContent/Materials/M_Rock_Marble_Polished.uasset"
[2017.10.13-11.09.35:699][  0]LogPackFactory: Copied "../../../Samples/StarterContent/Content/StarterContent/Materials/M_Rock_Sandstone.uasset" to "F:/GitHubTelmo/VR_tests/VR_01/Content/StarterContent/Materials/M_Rock_Sandstone.uasset"
[2017.10.13-11.09.35:700][  0]LogPackFactory: Copied "../../../Samples/StarterContent/Content/StarterContent/Materials/M_Rock_Slate.uasset" to "F:/GitHubTelmo/VR_tests/VR_01/Content/StarterContent/Materials/M_Rock_Slate.uasset"
[2017.10.13-11.09.35:701][  0]LogPackFactory: Copied "../../../Samples/StarterContent/Content/StarterContent/Materials/M_Tech_Checker_Dot.uasset" to "F:/GitHubTelmo/VR_tests/VR_01/Content/StarterContent/Materials/M_Tech_Checker_Dot.uasset"
[2017.10.13-11.09.35:701][  0]LogPackFactory: Copied "../../../Samples/StarterContent/Content/StarterContent/Materials/M_Tech_Hex_Tile.uasset" to "F:/GitHubTelmo/VR_tests/VR_01/Content/StarterContent/Materials/M_Tech_Hex_Tile.uasset"
[2017.10.13-11.09.35:703][  0]LogPackFactory: Copied "../../../Samples/StarterContent/Content/StarterContent/Materials/M_Tech_Hex_Tile_Pulse.uasset" to "F:/GitHubTelmo/VR_tests/VR_01/Content/StarterContent/Materials/M_Tech_Hex_Tile_Pulse.uasset"
[2017.10.13-11.09.35:704][  0]LogPackFactory: Copied "../../../Samples/StarterContent/Content/StarterContent/Materials/M_Tech_Panel.uasset" to "F:/GitHubTelmo/VR_tests/VR_01/Content/StarterContent/Materials/M_Tech_Panel.uasset"
[2017.10.13-11.09.35:706][  0]LogPackFactory: Copied "../../../Samples/StarterContent/Content/StarterContent/Materials/M_Water_Lake.uasset" to "F:/GitHubTelmo/VR_tests/VR_01/Content/StarterContent/Materials/M_Water_Lake.uasset"
[2017.10.13-11.09.35:707][  0]LogPackFactory: Copied "../../../Samples/StarterContent/Content/StarterContent/Materials/M_Water_Ocean.uasset" to "F:/GitHubTelmo/VR_tests/VR_01/Content/StarterContent/Materials/M_Water_Ocean.uasset"
[2017.10.13-11.09.35:709][  0]LogPackFactory: Copied "../../../Samples/StarterContent/Content/StarterContent/Materials/M_Wood_Floor_Walnut_Polished.uasset" to "F:/GitHubTelmo/VR_tests/VR_01/Content/StarterContent/Materials/M_Wood_Floor_Walnut_Polished.uasset"
[2017.10.13-11.09.35:710][  0]LogPackFactory: Copied "../../../Samples/StarterContent/Content/StarterContent/Materials/M_Wood_Floor_Walnut_Worn.uasset" to "F:/GitHubTelmo/VR_tests/VR_01/Content/StarterContent/Materials/M_Wood_Floor_Walnut_Worn.uasset"
[2017.10.13-11.09.35:712][  0]LogPackFactory: Copied "../../../Samples/StarterContent/Content/StarterContent/Materials/M_Wood_Oak.uasset" to "F:/GitHubTelmo/VR_tests/VR_01/Content/StarterContent/Materials/M_Wood_Oak.uasset"
[2017.10.13-11.09.35:713][  0]LogPackFactory: Copied "../../../Samples/StarterContent/Content/StarterContent/Materials/M_Wood_Pine.uasset" to "F:/GitHubTelmo/VR_tests/VR_01/Content/StarterContent/Materials/M_Wood_Pine.uasset"
[2017.10.13-11.09.35:715][  0]LogPackFactory: Copied "../../../Samples/StarterContent/Content/StarterContent/Materials/M_Wood_Walnut.uasset" to "F:/GitHubTelmo/VR_tests/VR_01/Content/StarterContent/Materials/M_Wood_Walnut.uasset"
[2017.10.13-11.09.35:715][  0]LogPackFactory: Copied "../../../Samples/StarterContent/Content/StarterContent/Particles/P_Ambient_Dust.uasset" to "F:/GitHubTelmo/VR_tests/VR_01/Content/StarterContent/Particles/P_Ambient_Dust.uasset"
[2017.10.13-11.09.35:716][  0]LogPackFactory: Copied "../../../Samples/StarterContent/Content/StarterContent/Particles/P_Explosion.uasset" to "F:/GitHubTelmo/VR_tests/VR_01/Content/StarterContent/Particles/P_Explosion.uasset"
[2017.10.13-11.09.35:718][  0]LogPackFactory: Copied "../../../Samples/StarterContent/Content/StarterContent/Particles/P_Fire.uasset" to "F:/GitHubTelmo/VR_tests/VR_01/Content/StarterContent/Particles/P_Fire.uasset"
[2017.10.13-11.09.35:719][  0]LogPackFactory: Copied "../../../Samples/StarterContent/Content/StarterContent/Particles/P_Smoke.uasset" to "F:/GitHubTelmo/VR_tests/VR_01/Content/StarterContent/Particles/P_Smoke.uasset"
[2017.10.13-11.09.35:721][  0]LogPackFactory: Copied "../../../Samples/StarterContent/Content/StarterContent/Particles/P_Sparks.uasset" to "F:/GitHubTelmo/VR_tests/VR_01/Content/StarterContent/Particles/P_Sparks.uasset"
[2017.10.13-11.09.35:722][  0]LogPackFactory: Copied "../../../Samples/StarterContent/Content/StarterContent/Particles/P_Steam_Lit.uasset" to "F:/GitHubTelmo/VR_tests/VR_01/Content/StarterContent/Particles/P_Steam_Lit.uasset"
[2017.10.13-11.09.35:724][  0]LogPackFactory: Copied "../../../Samples/StarterContent/Content/StarterContent/Particles/Materials/M_Burst.uasset" to "F:/GitHubTelmo/VR_tests/VR_01/Content/StarterContent/Particles/Materials/M_Burst.uasset"
[2017.10.13-11.09.35:725][  0]LogPackFactory: Copied "../../../Samples/StarterContent/Content/StarterContent/Particles/Materials/M_Dust_Particle.uasset" to "F:/GitHubTelmo/VR_tests/VR_01/Content/StarterContent/Particles/Materials/M_Dust_Particle.uasset"
[2017.10.13-11.09.35:726][  0]LogPackFactory: Copied "../../../Samples/StarterContent/Content/StarterContent/Particles/Materials/M_explosion_subUV.uasset" to "F:/GitHubTelmo/VR_tests/VR_01/Content/StarterContent/Particles/Materials/M_explosion_subUV.uasset"
[2017.10.13-11.09.35:727][  0]LogPackFactory: Copied "../../../Samples/StarterContent/Content/StarterContent/Particles/Materials/M_Fire_SubUV.uasset" to "F:/GitHubTelmo/VR_tests/VR_01/Content/StarterContent/Particles/Materials/M_Fire_SubUV.uasset"
[2017.10.13-11.09.35:727][  0]LogPackFactory: Copied "../../../Samples/StarterContent/Content/StarterContent/Particles/Materials/m_flare_01.uasset" to "F:/GitHubTelmo/VR_tests/VR_01/Content/StarterContent/Particles/Materials/m_flare_01.uasset"
[2017.10.13-11.09.35:728][  0]LogPackFactory: Copied "../../../Samples/StarterContent/Content/StarterContent/Particles/Materials/M_Heat_Distortion.uasset" to "F:/GitHubTelmo/VR_tests/VR_01/Content/StarterContent/Particles/Materials/M_Heat_Distortion.uasset"
[2017.10.13-11.09.35:728][  0]LogPackFactory: Copied "../../../Samples/StarterContent/Content/StarterContent/Particles/Materials/M_Radial_Gradient.uasset" to "F:/GitHubTelmo/VR_tests/VR_01/Content/StarterContent/Particles/Materials/M_Radial_Gradient.uasset"
[2017.10.13-11.09.35:729][  0]LogPackFactory: Copied "../../../Samples/StarterContent/Content/StarterContent/Particles/Materials/M_radial_ramp.uasset" to "F:/GitHubTelmo/VR_tests/VR_01/Content/StarterContent/Particles/Materials/M_radial_ramp.uasset"
[2017.10.13-11.09.35:729][  0]LogPackFactory: Copied "../../../Samples/StarterContent/Content/StarterContent/Particles/Materials/M_smoke_subUV.uasset" to "F:/GitHubTelmo/VR_tests/VR_01/Content/StarterContent/Particles/Materials/M_smoke_subUV.uasset"
[2017.10.13-11.09.35:730][  0]LogPackFactory: Copied "../../../Samples/StarterContent/Content/StarterContent/Particles/Materials/M_Spark.uasset" to "F:/GitHubTelmo/VR_tests/VR_01/Content/StarterContent/Particles/Materials/M_Spark.uasset"
[2017.10.13-11.09.35:731][  0]LogPackFactory: Copied "../../../Samples/StarterContent/Content/StarterContent/Props/MaterialSphere.uasset" to "F:/GitHubTelmo/VR_tests/VR_01/Content/StarterContent/Props/MaterialSphere.uasset"
[2017.10.13-11.09.35:731][  0]LogPackFactory: Copied "../../../Samples/StarterContent/Content/StarterContent/Props/SM_Bush.uasset" to "F:/GitHubTelmo/VR_tests/VR_01/Content/StarterContent/Props/SM_Bush.uasset"
[2017.10.13-11.09.35:732][  0]LogPackFactory: Copied "../../../Samples/StarterContent/Content/StarterContent/Props/SM_Chair.uasset" to "F:/GitHubTelmo/VR_tests/VR_01/Content/StarterContent/Props/SM_Chair.uasset"
[2017.10.13-11.09.35:733][  0]LogPackFactory: Copied "../../../Samples/StarterContent/Content/StarterContent/Props/SM_CornerFrame.uasset" to "F:/GitHubTelmo/VR_tests/VR_01/Content/StarterContent/Props/SM_CornerFrame.uasset"
[2017.10.13-11.09.35:734][  0]LogPackFactory: Copied "../../../Samples/StarterContent/Content/StarterContent/Props/SM_Couch.uasset" to "F:/GitHubTelmo/VR_tests/VR_01/Content/StarterContent/Props/SM_Couch.uasset"
[2017.10.13-11.09.35:734][  0]LogPackFactory: Copied "../../../Samples/StarterContent/Content/StarterContent/Props/SM_Door.uasset" to "F:/GitHubTelmo/VR_tests/VR_01/Content/StarterContent/Props/SM_Door.uasset"
[2017.10.13-11.09.35:735][  0]LogPackFactory: Copied "../../../Samples/StarterContent/Content/StarterContent/Props/SM_DoorFrame.uasset" to "F:/GitHubTelmo/VR_tests/VR_01/Content/StarterContent/Props/SM_DoorFrame.uasset"
[2017.10.13-11.09.35:735][  0]LogPackFactory: Copied "../../../Samples/StarterContent/Content/StarterContent/Props/SM_GlassWindow.uasset" to "F:/GitHubTelmo/VR_tests/VR_01/Content/StarterContent/Props/SM_GlassWindow.uasset"
[2017.10.13-11.09.35:736][  0]LogPackFactory: Copied "../../../Samples/StarterContent/Content/StarterContent/Props/SM_Lamp_Ceiling.uasset" to "F:/GitHubTelmo/VR_tests/VR_01/Content/StarterContent/Props/SM_Lamp_Ceiling.uasset"
[2017.10.13-11.09.35:737][  0]LogPackFactory: Copied "../../../Samples/StarterContent/Content/StarterContent/Props/SM_Lamp_Wall.uasset" to "F:/GitHubTelmo/VR_tests/VR_01/Content/StarterContent/Props/SM_Lamp_Wall.uasset"
[2017.10.13-11.09.35:739][  0]LogPackFactory: Copied "../../../Samples/StarterContent/Content/StarterContent/Props/SM_MatPreviewMesh_02.uasset" to "F:/GitHubTelmo/VR_tests/VR_01/Content/StarterContent/Props/SM_MatPreviewMesh_02.uasset"
[2017.10.13-11.09.35:739][  0]LogPackFactory: Copied "../../../Samples/StarterContent/Content/StarterContent/Props/SM_PillarFrame.uasset" to "F:/GitHubTelmo/VR_tests/VR_01/Content/StarterContent/Props/SM_PillarFrame.uasset"
[2017.10.13-11.09.35:740][  0]LogPackFactory: Copied "../../../Samples/StarterContent/Content/StarterContent/Props/SM_PillarFrame300.uasset" to "F:/GitHubTelmo/VR_tests/VR_01/Content/StarterContent/Props/SM_PillarFrame300.uasset"
[2017.10.13-11.09.35:741][  0]LogPackFactory: Copied "../../../Samples/StarterContent/Content/StarterContent/Props/SM_Rock.uasset" to "F:/GitHubTelmo/VR_tests/VR_01/Content/StarterContent/Props/SM_Rock.uasset"
[2017.10.13-11.09.35:741][  0]LogPackFactory: Copied "../../../Samples/StarterContent/Content/StarterContent/Props/SM_Shelf.uasset" to "F:/GitHubTelmo/VR_tests/VR_01/Content/StarterContent/Props/SM_Shelf.uasset"
[2017.10.13-11.09.35:742][  0]LogPackFactory: Copied "../../../Samples/StarterContent/Content/StarterContent/Props/SM_Stairs.uasset" to "F:/GitHubTelmo/VR_tests/VR_01/Content/StarterContent/Props/SM_Stairs.uasset"
[2017.10.13-11.09.35:743][  0]LogPackFactory: Copied "../../../Samples/StarterContent/Content/StarterContent/Props/SM_Statue.uasset" to "F:/GitHubTelmo/VR_tests/VR_01/Content/StarterContent/Props/SM_Statue.uasset"
[2017.10.13-11.09.35:744][  0]LogPackFactory: Copied "../../../Samples/StarterContent/Content/StarterContent/Props/SM_TableRound.uasset" to "F:/GitHubTelmo/VR_tests/VR_01/Content/StarterContent/Props/SM_TableRound.uasset"
[2017.10.13-11.09.35:744][  0]LogPackFactory: Copied "../../../Samples/StarterContent/Content/StarterContent/Props/SM_WindowFrame.uasset" to "F:/GitHubTelmo/VR_tests/VR_01/Content/StarterContent/Props/SM_WindowFrame.uasset"
[2017.10.13-11.09.35:745][  0]LogPackFactory: Copied "../../../Samples/StarterContent/Content/StarterContent/Props/Materials/M_Bush.uasset" to "F:/GitHubTelmo/VR_tests/VR_01/Content/StarterContent/Props/Materials/M_Bush.uasset"
[2017.10.13-11.09.35:746][  0]LogPackFactory: Copied "../../../Samples/StarterContent/Content/StarterContent/Props/Materials/M_Chair.uasset" to "F:/GitHubTelmo/VR_tests/VR_01/Content/StarterContent/Props/Materials/M_Chair.uasset"
[2017.10.13-11.09.35:746][  0]LogPackFactory: Copied "../../../Samples/StarterContent/Content/StarterContent/Props/Materials/M_Door.uasset" to "F:/GitHubTelmo/VR_tests/VR_01/Content/StarterContent/Props/Materials/M_Door.uasset"
[2017.10.13-11.09.35:747][  0]LogPackFactory: Copied "../../../Samples/StarterContent/Content/StarterContent/Props/Materials/M_Frame.uasset" to "F:/GitHubTelmo/VR_tests/VR_01/Content/StarterContent/Props/Materials/M_Frame.uasset"
[2017.10.13-11.09.35:748][  0]LogPackFactory: Copied "../../../Samples/StarterContent/Content/StarterContent/Props/Materials/M_Lamp.uasset" to "F:/GitHubTelmo/VR_tests/VR_01/Content/StarterContent/Props/Materials/M_Lamp.uasset"
[2017.10.13-11.09.35:748][  0]LogPackFactory: Copied "../../../Samples/StarterContent/Content/StarterContent/Props/Materials/M_MaterialSphere.uasset" to "F:/GitHubTelmo/VR_tests/VR_01/Content/StarterContent/Props/Materials/M_MaterialSphere.uasset"
[2017.10.13-11.09.35:749][  0]LogPackFactory: Copied "../../../Samples/StarterContent/Content/StarterContent/Props/Materials/M_MaterialSphere_Plain.uasset" to "F:/GitHubTelmo/VR_tests/VR_01/Content/StarterContent/Props/Materials/M_MaterialSphere_Plain.uasset"
[2017.10.13-11.09.35:750][  0]LogPackFactory: Copied "../../../Samples/StarterContent/Content/StarterContent/Props/Materials/M_Rock.uasset" to "F:/GitHubTelmo/VR_tests/VR_01/Content/StarterContent/Props/Materials/M_Rock.uasset"
[2017.10.13-11.09.35:750][  0]LogPackFactory: Copied "../../../Samples/StarterContent/Content/StarterContent/Props/Materials/M_Shelf.uasset" to "F:/GitHubTelmo/VR_tests/VR_01/Content/StarterContent/Props/Materials/M_Shelf.uasset"
[2017.10.13-11.09.35:751][  0]LogPackFactory: Copied "../../../Samples/StarterContent/Content/StarterContent/Props/Materials/M_Statue.uasset" to "F:/GitHubTelmo/VR_tests/VR_01/Content/StarterContent/Props/Materials/M_Statue.uasset"
[2017.10.13-11.09.35:751][  0]LogPackFactory: Copied "../../../Samples/StarterContent/Content/StarterContent/Props/Materials/M_StatueGlass.uasset" to "F:/GitHubTelmo/VR_tests/VR_01/Content/StarterContent/Props/Materials/M_StatueGlass.uasset"
[2017.10.13-11.09.35:752][  0]LogPackFactory: Copied "../../../Samples/StarterContent/Content/StarterContent/Props/Materials/M_TableRound.uasset" to "F:/GitHubTelmo/VR_tests/VR_01/Content/StarterContent/Props/Materials/M_TableRound.uasset"
[2017.10.13-11.09.35:753][  0]LogPackFactory: Copied "../../../Samples/StarterContent/Content/StarterContent/Shapes/Shape_Cone.uasset" to "F:/GitHubTelmo/VR_tests/VR_01/Content/StarterContent/Shapes/Shape_Cone.uasset"
[2017.10.13-11.09.35:753][  0]LogPackFactory: Copied "../../../Samples/StarterContent/Content/StarterContent/Shapes/Shape_Cube.uasset" to "F:/GitHubTelmo/VR_tests/VR_01/Content/StarterContent/Shapes/Shape_Cube.uasset"
[2017.10.13-11.09.35:754][  0]LogPackFactory: Copied "../../../Samples/StarterContent/Content/StarterContent/Shapes/Shape_Cylinder.uasset" to "F:/GitHubTelmo/VR_tests/VR_01/Content/StarterContent/Shapes/Shape_Cylinder.uasset"
[2017.10.13-11.09.35:755][  0]LogPackFactory: Copied "../../../Samples/StarterContent/Content/StarterContent/Shapes/Shape_NarrowCapsule.uasset" to "F:/GitHubTelmo/VR_tests/VR_01/Content/StarterContent/Shapes/Shape_NarrowCapsule.uasset"
[2017.10.13-11.09.35:755][  0]LogPackFactory: Copied "../../../Samples/StarterContent/Content/StarterContent/Shapes/Shape_Pipe.uasset" to "F:/GitHubTelmo/VR_tests/VR_01/Content/StarterContent/Shapes/Shape_Pipe.uasset"
[2017.10.13-11.09.35:756][  0]LogPackFactory: Copied "../../../Samples/StarterContent/Content/StarterContent/Shapes/Shape_Pipe_180.uasset" to "F:/GitHubTelmo/VR_tests/VR_01/Content/StarterContent/Shapes/Shape_Pipe_180.uasset"
[2017.10.13-11.09.35:757][  0]LogPackFactory: Copied "../../../Samples/StarterContent/Content/StarterContent/Shapes/Shape_Pipe_90.uasset" to "F:/GitHubTelmo/VR_tests/VR_01/Content/StarterContent/Shapes/Shape_Pipe_90.uasset"
[2017.10.13-11.09.35:757][  0]LogPackFactory: Copied "../../../Samples/StarterContent/Content/StarterContent/Shapes/Shape_Plane.uasset" to "F:/GitHubTelmo/VR_tests/VR_01/Content/StarterContent/Shapes/Shape_Plane.uasset"
[2017.10.13-11.09.35:758][  0]LogPackFactory: Copied "../../../Samples/StarterContent/Content/StarterContent/Shapes/Shape_QuadPyramid.uasset" to "F:/GitHubTelmo/VR_tests/VR_01/Content/StarterContent/Shapes/Shape_QuadPyramid.uasset"
[2017.10.13-11.09.35:759][  0]LogPackFactory: Copied "../../../Samples/StarterContent/Content/StarterContent/Shapes/Shape_Sphere.uasset" to "F:/GitHubTelmo/VR_tests/VR_01/Content/StarterContent/Shapes/Shape_Sphere.uasset"
[2017.10.13-11.09.35:760][  0]LogPackFactory: Copied "../../../Samples/StarterContent/Content/StarterContent/Shapes/Shape_Torus.uasset" to "F:/GitHubTelmo/VR_tests/VR_01/Content/StarterContent/Shapes/Shape_Torus.uasset"
[2017.10.13-11.09.35:760][  0]LogPackFactory: Copied "../../../Samples/StarterContent/Content/StarterContent/Shapes/Shape_Trim.uasset" to "F:/GitHubTelmo/VR_tests/VR_01/Content/StarterContent/Shapes/Shape_Trim.uasset"
[2017.10.13-11.09.35:761][  0]LogPackFactory: Copied "../../../Samples/StarterContent/Content/StarterContent/Shapes/Shape_Trim_90_In.uasset" to "F:/GitHubTelmo/VR_tests/VR_01/Content/StarterContent/Shapes/Shape_Trim_90_In.uasset"
[2017.10.13-11.09.35:762][  0]LogPackFactory: Copied "../../../Samples/StarterContent/Content/StarterContent/Shapes/Shape_Trim_90_Out.uasset" to "F:/GitHubTelmo/VR_tests/VR_01/Content/StarterContent/Shapes/Shape_Trim_90_Out.uasset"
[2017.10.13-11.09.35:762][  0]LogPackFactory: Copied "../../../Samples/StarterContent/Content/StarterContent/Shapes/Shape_TriPyramid.uasset" to "F:/GitHubTelmo/VR_tests/VR_01/Content/StarterContent/Shapes/Shape_TriPyramid.uasset"
[2017.10.13-11.09.35:763][  0]LogPackFactory: Copied "../../../Samples/StarterContent/Content/StarterContent/Shapes/Shape_Tube.uasset" to "F:/GitHubTelmo/VR_tests/VR_01/Content/StarterContent/Shapes/Shape_Tube.uasset"
[2017.10.13-11.09.35:764][  0]LogPackFactory: Copied "../../../Samples/StarterContent/Content/StarterContent/Shapes/Shape_Wedge_A.uasset" to "F:/GitHubTelmo/VR_tests/VR_01/Content/StarterContent/Shapes/Shape_Wedge_A.uasset"
[2017.10.13-11.09.35:765][  0]LogPackFactory: Copied "../../../Samples/StarterContent/Content/StarterContent/Shapes/Shape_Wedge_B.uasset" to "F:/GitHubTelmo/VR_tests/VR_01/Content/StarterContent/Shapes/Shape_Wedge_B.uasset"
[2017.10.13-11.09.35:766][  0]LogPackFactory: Copied "../../../Samples/StarterContent/Content/StarterContent/Shapes/Shape_WideCapsule.uasset" to "F:/GitHubTelmo/VR_tests/VR_01/Content/StarterContent/Shapes/Shape_WideCapsule.uasset"
[2017.10.13-11.09.35:771][  0]LogPackFactory: Copied "../../../Samples/StarterContent/Content/StarterContent/Textures/T_Brick_Clay_Beveled_D.uasset" to "F:/GitHubTelmo/VR_tests/VR_01/Content/StarterContent/Textures/T_Brick_Clay_Beveled_D.uasset"
[2017.10.13-11.09.35:777][  0]LogPackFactory: Copied "../../../Samples/StarterContent/Content/StarterContent/Textures/T_Brick_Clay_Beveled_M.uasset" to "F:/GitHubTelmo/VR_tests/VR_01/Content/StarterContent/Textures/T_Brick_Clay_Beveled_M.uasset"
[2017.10.13-11.09.35:782][  0]LogPackFactory: Copied "../../../Samples/StarterContent/Content/StarterContent/Textures/T_Brick_Clay_Beveled_N.uasset" to "F:/GitHubTelmo/VR_tests/VR_01/Content/StarterContent/Textures/T_Brick_Clay_Beveled_N.uasset"
[2017.10.13-11.09.35:786][  0]LogPackFactory: Copied "../../../Samples/StarterContent/Content/StarterContent/Textures/T_Brick_Clay_New_D.uasset" to "F:/GitHubTelmo/VR_tests/VR_01/Content/StarterContent/Textures/T_Brick_Clay_New_D.uasset"
[2017.10.13-11.09.35:792][  0]LogPackFactory: Copied "../../../Samples/StarterContent/Content/StarterContent/Textures/T_Brick_Clay_New_M.uasset" to "F:/GitHubTelmo/VR_tests/VR_01/Content/StarterContent/Textures/T_Brick_Clay_New_M.uasset"
[2017.10.13-11.09.35:797][  0]LogPackFactory: Copied "../../../Samples/StarterContent/Content/StarterContent/Textures/T_Brick_Clay_New_N.uasset" to "F:/GitHubTelmo/VR_tests/VR_01/Content/StarterContent/Textures/T_Brick_Clay_New_N.uasset"
[2017.10.13-11.09.35:804][  0]LogPackFactory: Copied "../../../Samples/StarterContent/Content/StarterContent/Textures/T_Brick_Clay_Old_D.uasset" to "F:/GitHubTelmo/VR_tests/VR_01/Content/StarterContent/Textures/T_Brick_Clay_Old_D.uasset"
[2017.10.13-11.09.35:809][  0]LogPackFactory: Copied "../../../Samples/StarterContent/Content/StarterContent/Textures/T_Brick_Clay_Old_N.uasset" to "F:/GitHubTelmo/VR_tests/VR_01/Content/StarterContent/Textures/T_Brick_Clay_Old_N.uasset"
[2017.10.13-11.09.35:818][  0]LogPackFactory: Copied "../../../Samples/StarterContent/Content/StarterContent/Textures/T_Brick_Cut_Stone_D.uasset" to "F:/GitHubTelmo/VR_tests/VR_01/Content/StarterContent/Textures/T_Brick_Cut_Stone_D.uasset"
[2017.10.13-11.09.35:822][  0]LogPackFactory: Copied "../../../Samples/StarterContent/Content/StarterContent/Textures/T_Brick_Cut_Stone_N.uasset" to "F:/GitHubTelmo/VR_tests/VR_01/Content/StarterContent/Textures/T_Brick_Cut_Stone_N.uasset"
[2017.10.13-11.09.35:827][  0]LogPackFactory: Copied "../../../Samples/StarterContent/Content/StarterContent/Textures/T_Brick_Hewn_Stone_D.uasset" to "F:/GitHubTelmo/VR_tests/VR_01/Content/StarterContent/Textures/T_Brick_Hewn_Stone_D.uasset"
[2017.10.13-11.09.35:832][  0]LogPackFactory: Copied "../../../Samples/StarterContent/Content/StarterContent/Textures/T_Brick_Hewn_Stone_M.uasset" to "F:/GitHubTelmo/VR_tests/VR_01/Content/StarterContent/Textures/T_Brick_Hewn_Stone_M.uasset"
[2017.10.13-11.09.35:837][  0]LogPackFactory: Copied "../../../Samples/StarterContent/Content/StarterContent/Textures/T_Brick_Hewn_Stone_N.uasset" to "F:/GitHubTelmo/VR_tests/VR_01/Content/StarterContent/Textures/T_Brick_Hewn_Stone_N.uasset"
[2017.10.13-11.09.35:838][  0]LogPackFactory: Copied "../../../Samples/StarterContent/Content/StarterContent/Textures/T_Burst_M.uasset" to "F:/GitHubTelmo/VR_tests/VR_01/Content/StarterContent/Textures/T_Burst_M.uasset"
[2017.10.13-11.09.35:839][  0]LogPackFactory: Copied "../../../Samples/StarterContent/Content/StarterContent/Textures/T_Bush_D.uasset" to "F:/GitHubTelmo/VR_tests/VR_01/Content/StarterContent/Textures/T_Bush_D.uasset"
[2017.10.13-11.09.35:840][  0]LogPackFactory: Copied "../../../Samples/StarterContent/Content/StarterContent/Textures/T_Bush_N.uasset" to "F:/GitHubTelmo/VR_tests/VR_01/Content/StarterContent/Textures/T_Bush_N.uasset"
[2017.10.13-11.09.35:841][  0]LogPackFactory: Copied "../../../Samples/StarterContent/Content/StarterContent/Textures/T_Ceramic_Tile_M.uasset" to "F:/GitHubTelmo/VR_tests/VR_01/Content/StarterContent/Textures/T_Ceramic_Tile_M.uasset"
[2017.10.13-11.09.35:842][  0]LogPackFactory: Copied "../../../Samples/StarterContent/Content/StarterContent/Textures/T_Ceramic_Tile_N.uasset" to "F:/GitHubTelmo/VR_tests/VR_01/Content/StarterContent/Textures/T_Ceramic_Tile_N.uasset"
[2017.10.13-11.09.35:843][  0]LogPackFactory: Copied "../../../Samples/StarterContent/Content/StarterContent/Textures/T_Chair_M.uasset" to "F:/GitHubTelmo/VR_tests/VR_01/Content/StarterContent/Textures/T_Chair_M.uasset"
[2017.10.13-11.09.35:844][  0]LogPackFactory: Copied "../../../Samples/StarterContent/Content/StarterContent/Textures/T_Chair_N.uasset" to "F:/GitHubTelmo/VR_tests/VR_01/Content/StarterContent/Textures/T_Chair_N.uasset"
[2017.10.13-11.09.35:845][  0]LogPackFactory: Copied "../../../Samples/StarterContent/Content/StarterContent/Textures/T_Checker_Noise_M.uasset" to "F:/GitHubTelmo/VR_tests/VR_01/Content/StarterContent/Textures/T_Checker_Noise_M.uasset"
[2017.10.13-11.09.35:852][  0]LogPackFactory: Copied "../../../Samples/StarterContent/Content/StarterContent/Textures/T_CobbleStone_Pebble_D.uasset" to "F:/GitHubTelmo/VR_tests/VR_01/Content/StarterContent/Textures/T_CobbleStone_Pebble_D.uasset"
[2017.10.13-11.09.35:854][  0]LogPackFactory: Copied "../../../Samples/StarterContent/Content/StarterContent/Textures/T_CobbleStone_Pebble_M.uasset" to "F:/GitHubTelmo/VR_tests/VR_01/Content/StarterContent/Textures/T_CobbleStone_Pebble_M.uasset"
[2017.10.13-11.09.35:862][  0]LogPackFactory: Copied "../../../Samples/StarterContent/Content/StarterContent/Textures/T_CobbleStone_Pebble_N.uasset" to "F:/GitHubTelmo/VR_tests/VR_01/Content/StarterContent/Textures/T_CobbleStone_Pebble_N.uasset"
[2017.10.13-11.09.35:866][  0]LogPackFactory: Copied "../../../Samples/StarterContent/Content/StarterContent/Textures/T_CobbleStone_Rough_D.uasset" to "F:/GitHubTelmo/VR_tests/VR_01/Content/StarterContent/Textures/T_CobbleStone_Rough_D.uasset"
[2017.10.13-11.09.35:868][  0]LogPackFactory: Copied "../../../Samples/StarterContent/Content/StarterContent/Textures/T_CobbleStone_Rough_N.uasset" to "F:/GitHubTelmo/VR_tests/VR_01/Content/StarterContent/Textures/T_CobbleStone_Rough_N.uasset"
[2017.10.13-11.09.35:873][  0]LogPackFactory: Copied "../../../Samples/StarterContent/Content/StarterContent/Textures/T_CobbleStone_Smooth_D.uasset" to "F:/GitHubTelmo/VR_tests/VR_01/Content/StarterContent/Textures/T_CobbleStone_Smooth_D.uasset"
[2017.10.13-11.09.35:877][  0]LogPackFactory: Copied "../../../Samples/StarterContent/Content/StarterContent/Textures/T_CobbleStone_Smooth_M.uasset" to "F:/GitHubTelmo/VR_tests/VR_01/Content/StarterContent/Textures/T_CobbleStone_Smooth_M.uasset"
[2017.10.13-11.09.35:883][  0]LogPackFactory: Copied "../../../Samples/StarterContent/Content/StarterContent/Textures/T_CobbleStone_Smooth_N.uasset" to "F:/GitHubTelmo/VR_tests/VR_01/Content/StarterContent/Textures/T_CobbleStone_Smooth_N.uasset"
[2017.10.13-11.09.35:890][  0]LogPackFactory: Copied "../../../Samples/StarterContent/Content/StarterContent/Textures/T_Concrete_Grime_D.uasset" to "F:/GitHubTelmo/VR_tests/VR_01/Content/StarterContent/Textures/T_Concrete_Grime_D.uasset"
[2017.10.13-11.09.35:896][  0]LogPackFactory: Copied "../../../Samples/StarterContent/Content/StarterContent/Textures/T_Concrete_Panels_D.uasset" to "F:/GitHubTelmo/VR_tests/VR_01/Content/StarterContent/Textures/T_Concrete_Panels_D.uasset"
[2017.10.13-11.09.35:900][  0]LogPackFactory: Copied "../../../Samples/StarterContent/Content/StarterContent/Textures/T_Concrete_Panels_N.uasset" to "F:/GitHubTelmo/VR_tests/VR_01/Content/StarterContent/Textures/T_Concrete_Panels_N.uasset"
[2017.10.13-11.09.35:908][  0]LogPackFactory: Copied "../../../Samples/StarterContent/Content/StarterContent/Textures/T_Concrete_Poured_D.uasset" to "F:/GitHubTelmo/VR_tests/VR_01/Content/StarterContent/Textures/T_Concrete_Poured_D.uasset"
[2017.10.13-11.09.35:913][  0]LogPackFactory: Copied "../../../Samples/StarterContent/Content/StarterContent/Textures/T_Concrete_Poured_N.uasset" to "F:/GitHubTelmo/VR_tests/VR_01/Content/StarterContent/Textures/T_Concrete_Poured_N.uasset"
[2017.10.13-11.09.35:916][  0]LogPackFactory: Copied "../../../Samples/StarterContent/Content/StarterContent/Textures/T_Concrete_Tiles_D.uasset" to "F:/GitHubTelmo/VR_tests/VR_01/Content/StarterContent/Textures/T_Concrete_Tiles_D.uasset"
[2017.10.13-11.09.35:920][  0]LogPackFactory: Copied "../../../Samples/StarterContent/Content/StarterContent/Textures/T_Concrete_Tiles_M.uasset" to "F:/GitHubTelmo/VR_tests/VR_01/Content/StarterContent/Textures/T_Concrete_Tiles_M.uasset"
[2017.10.13-11.09.35:925][  0]LogPackFactory: Copied "../../../Samples/StarterContent/Content/StarterContent/Textures/T_Concrete_Tiles_N.uasset" to "F:/GitHubTelmo/VR_tests/VR_01/Content/StarterContent/Textures/T_Concrete_Tiles_N.uasset"
[2017.10.13-11.09.35:925][  0]LogPackFactory: Copied "../../../Samples/StarterContent/Content/StarterContent/Textures/T_Concrete_Tiles_Variation_M.uasset" to "F:/GitHubTelmo/VR_tests/VR_01/Content/StarterContent/Textures/T_Concrete_Tiles_Variation_M.uasset"
[2017.10.13-11.09.35:927][  0]LogPackFactory: Copied "../../../Samples/StarterContent/Content/StarterContent/Textures/T_Detail_Rocky_N.uasset" to "F:/GitHubTelmo/VR_tests/VR_01/Content/StarterContent/Textures/T_Detail_Rocky_N.uasset"
[2017.10.13-11.09.35:928][  0]LogPackFactory: Copied "../../../Samples/StarterContent/Content/StarterContent/Textures/T_Door_M.uasset" to "F:/GitHubTelmo/VR_tests/VR_01/Content/StarterContent/Textures/T_Door_M.uasset"
[2017.10.13-11.09.35:930][  0]LogPackFactory: Copied "../../../Samples/StarterContent/Content/StarterContent/Textures/T_Door_N.uasset" to "F:/GitHubTelmo/VR_tests/VR_01/Content/StarterContent/Textures/T_Door_N.uasset"
[2017.10.13-11.09.35:930][  0]LogPackFactory: Copied "../../../Samples/StarterContent/Content/StarterContent/Textures/T_Dust_Particle_D.uasset" to "F:/GitHubTelmo/VR_tests/VR_01/Content/StarterContent/Textures/T_Dust_Particle_D.uasset"
[2017.10.13-11.09.35:933][  0]LogPackFactory: Copied "../../../Samples/StarterContent/Content/StarterContent/Textures/T_Explosion_SubUV.uasset" to "F:/GitHubTelmo/VR_tests/VR_01/Content/StarterContent/Textures/T_Explosion_SubUV.uasset"
[2017.10.13-11.09.35:934][  0]LogPackFactory: Copied "../../../Samples/StarterContent/Content/StarterContent/Textures/T_Fire_SubUV.uasset" to "F:/GitHubTelmo/VR_tests/VR_01/Content/StarterContent/Textures/T_Fire_SubUV.uasset"
[2017.10.13-11.09.35:935][  0]LogPackFactory: Copied "../../../Samples/StarterContent/Content/StarterContent/Textures/T_Fire_Tiled_D.uasset" to "F:/GitHubTelmo/VR_tests/VR_01/Content/StarterContent/Textures/T_Fire_Tiled_D.uasset"
[2017.10.13-11.09.35:936][  0]LogPackFactory: Copied "../../../Samples/StarterContent/Content/StarterContent/Textures/T_Frame_M.uasset" to "F:/GitHubTelmo/VR_tests/VR_01/Content/StarterContent/Textures/T_Frame_M.uasset"
[2017.10.13-11.09.35:937][  0]LogPackFactory: Copied "../../../Samples/StarterContent/Content/StarterContent/Textures/T_Frame_N.uasset" to "F:/GitHubTelmo/VR_tests/VR_01/Content/StarterContent/Textures/T_Frame_N.uasset"
[2017.10.13-11.09.35:938][  0]LogPackFactory: Copied "../../../Samples/StarterContent/Content/StarterContent/Textures/T_Gradinet_01.uasset" to "F:/GitHubTelmo/VR_tests/VR_01/Content/StarterContent/Textures/T_Gradinet_01.uasset"
[2017.10.13-11.09.35:945][  0]LogPackFactory: Copied "../../../Samples/StarterContent/Content/StarterContent/Textures/T_Ground_Grass_D.uasset" to "F:/GitHubTelmo/VR_tests/VR_01/Content/StarterContent/Textures/T_Ground_Grass_D.uasset"
[2017.10.13-11.09.35:953][  0]LogPackFactory: Copied "../../../Samples/StarterContent/Content/StarterContent/Textures/T_Ground_Grass_N.uasset" to "F:/GitHubTelmo/VR_tests/VR_01/Content/StarterContent/Textures/T_Ground_Grass_N.uasset"
[2017.10.13-11.09.35:960][  0]LogPackFactory: Copied "../../../Samples/StarterContent/Content/StarterContent/Textures/T_Ground_Gravel_D.uasset" to "F:/GitHubTelmo/VR_tests/VR_01/Content/StarterContent/Textures/T_Ground_Gravel_D.uasset"
[2017.10.13-11.09.35:964][  0]LogPackFactory: Copied "../../../Samples/StarterContent/Content/StarterContent/Textures/T_Ground_Gravel_N.uasset" to "F:/GitHubTelmo/VR_tests/VR_01/Content/StarterContent/Textures/T_Ground_Gravel_N.uasset"
[2017.10.13-11.09.35:973][  0]LogPackFactory: Copied "../../../Samples/StarterContent/Content/StarterContent/Textures/T_ground_Moss_D.uasset" to "F:/GitHubTelmo/VR_tests/VR_01/Content/StarterContent/Textures/T_ground_Moss_D.uasset"
[2017.10.13-11.09.35:979][  0]LogPackFactory: Copied "../../../Samples/StarterContent/Content/StarterContent/Textures/T_Ground_Moss_N.uasset" to "F:/GitHubTelmo/VR_tests/VR_01/Content/StarterContent/Textures/T_Ground_Moss_N.uasset"
[2017.10.13-11.09.35:980][  0]LogPackFactory: Copied "../../../Samples/StarterContent/Content/StarterContent/Textures/T_Lamp_M.uasset" to "F:/GitHubTelmo/VR_tests/VR_01/Content/StarterContent/Textures/T_Lamp_M.uasset"
[2017.10.13-11.09.35:982][  0]LogPackFactory: Copied "../../../Samples/StarterContent/Content/StarterContent/Textures/T_Lamp_N.uasset" to "F:/GitHubTelmo/VR_tests/VR_01/Content/StarterContent/Textures/T_Lamp_N.uasset"
[2017.10.13-11.09.35:989][  0]LogPackFactory: Copied "../../../Samples/StarterContent/Content/StarterContent/Textures/T_MacroVariation.uasset" to "F:/GitHubTelmo/VR_tests/VR_01/Content/StarterContent/Textures/T_MacroVariation.uasset"
[2017.10.13-11.09.35:995][  0]LogPackFactory: Copied "../../../Samples/StarterContent/Content/StarterContent/Textures/T_Metal_Aluminum_D.uasset" to "F:/GitHubTelmo/VR_tests/VR_01/Content/StarterContent/Textures/T_Metal_Aluminum_D.uasset"
[2017.10.13-11.09.36:001][  0]LogPackFactory: Copied "../../../Samples/StarterContent/Content/StarterContent/Textures/T_Metal_Copper_D.uasset" to "F:/GitHubTelmo/VR_tests/VR_01/Content/StarterContent/Textures/T_Metal_Copper_D.uasset"
[2017.10.13-11.09.36:007][  0]LogPackFactory: Copied "../../../Samples/StarterContent/Content/StarterContent/Textures/T_Metal_Gold_D.uasset" to "F:/GitHubTelmo/VR_tests/VR_01/Content/StarterContent/Textures/T_Metal_Gold_D.uasset"
[2017.10.13-11.09.36:009][  0]LogPackFactory: Copied "../../../Samples/StarterContent/Content/StarterContent/Textures/T_Metal_Gold_N.uasset" to "F:/GitHubTelmo/VR_tests/VR_01/Content/StarterContent/Textures/T_Metal_Gold_N.uasset"
[2017.10.13-11.09.36:015][  0]LogPackFactory: Copied "../../../Samples/StarterContent/Content/StarterContent/Textures/T_Metal_Rust_D.uasset" to "F:/GitHubTelmo/VR_tests/VR_01/Content/StarterContent/Textures/T_Metal_Rust_D.uasset"
[2017.10.13-11.09.36:021][  0]LogPackFactory: Copied "../../../Samples/StarterContent/Content/StarterContent/Textures/T_Metal_Rust_N.uasset" to "F:/GitHubTelmo/VR_tests/VR_01/Content/StarterContent/Textures/T_Metal_Rust_N.uasset"
[2017.10.13-11.09.36:024][  0]LogPackFactory: Copied "../../../Samples/StarterContent/Content/StarterContent/Textures/T_Metal_Steel_D.uasset" to "F:/GitHubTelmo/VR_tests/VR_01/Content/StarterContent/Textures/T_Metal_Steel_D.uasset"
[2017.10.13-11.09.36:027][  0]LogPackFactory: Copied "../../../Samples/StarterContent/Content/StarterContent/Textures/T_Metal_Steel_N.uasset" to "F:/GitHubTelmo/VR_tests/VR_01/Content/StarterContent/Textures/T_Metal_Steel_N.uasset"
[2017.10.13-11.09.36:032][  0]LogPackFactory: Copied "../../../Samples/StarterContent/Content/StarterContent/Textures/T_Perlin_Noise_M.uasset" to "F:/GitHubTelmo/VR_tests/VR_01/Content/StarterContent/Textures/T_Perlin_Noise_M.uasset"
[2017.10.13-11.09.36:035][  0]LogPackFactory: Copied "../../../Samples/StarterContent/Content/StarterContent/Textures/T_RockMesh_M.uasset" to "F:/GitHubTelmo/VR_tests/VR_01/Content/StarterContent/Textures/T_RockMesh_M.uasset"
[2017.10.13-11.09.36:039][  0]LogPackFactory: Copied "../../../Samples/StarterContent/Content/StarterContent/Textures/T_RockMesh_N.uasset" to "F:/GitHubTelmo/VR_tests/VR_01/Content/StarterContent/Textures/T_RockMesh_N.uasset"
[2017.10.13-11.09.36:045][  0]LogPackFactory: Copied "../../../Samples/StarterContent/Content/StarterContent/Textures/T_Rock_Basalt_D.uasset" to "F:/GitHubTelmo/VR_tests/VR_01/Content/StarterContent/Textures/T_Rock_Basalt_D.uasset"
[2017.10.13-11.09.36:050][  0]LogPackFactory: Copied "../../../Samples/StarterContent/Content/StarterContent/Textures/T_Rock_Basalt_N.uasset" to "F:/GitHubTelmo/VR_tests/VR_01/Content/StarterContent/Textures/T_Rock_Basalt_N.uasset"
[2017.10.13-11.09.36:054][  0]LogPackFactory: Copied "../../../Samples/StarterContent/Content/StarterContent/Textures/T_Rock_Marble_Polished_D.uasset" to "F:/GitHubTelmo/VR_tests/VR_01/Content/StarterContent/Textures/T_Rock_Marble_Polished_D.uasset"
[2017.10.13-11.09.36:060][  0]LogPackFactory: Copied "../../../Samples/StarterContent/Content/StarterContent/Textures/T_Rock_Sandstone_D.uasset" to "F:/GitHubTelmo/VR_tests/VR_01/Content/StarterContent/Textures/T_Rock_Sandstone_D.uasset"
[2017.10.13-11.09.36:066][  0]LogPackFactory: Copied "../../../Samples/StarterContent/Content/StarterContent/Textures/T_Rock_Sandstone_N.uasset" to "F:/GitHubTelmo/VR_tests/VR_01/Content/StarterContent/Textures/T_Rock_Sandstone_N.uasset"
[2017.10.13-11.09.36:072][  0]LogPackFactory: Copied "../../../Samples/StarterContent/Content/StarterContent/Textures/T_Rock_Slate_D.uasset" to "F:/GitHubTelmo/VR_tests/VR_01/Content/StarterContent/Textures/T_Rock_Slate_D.uasset"
[2017.10.13-11.09.36:079][  0]LogPackFactory: Copied "../../../Samples/StarterContent/Content/StarterContent/Textures/T_Rock_Slate_N.uasset" to "F:/GitHubTelmo/VR_tests/VR_01/Content/StarterContent/Textures/T_Rock_Slate_N.uasset"
[2017.10.13-11.09.36:085][  0]LogPackFactory: Copied "../../../Samples/StarterContent/Content/StarterContent/Textures/T_Rock_Smooth_Granite_D.uasset" to "F:/GitHubTelmo/VR_tests/VR_01/Content/StarterContent/Textures/T_Rock_Smooth_Granite_D.uasset"
[2017.10.13-11.09.36:086][  0]LogPackFactory: Copied "../../../Samples/StarterContent/Content/StarterContent/Textures/T_Shelf_M.uasset" to "F:/GitHubTelmo/VR_tests/VR_01/Content/StarterContent/Textures/T_Shelf_M.uasset"
[2017.10.13-11.09.36:087][  0]LogPackFactory: Copied "../../../Samples/StarterContent/Content/StarterContent/Textures/T_Shelf_N.uasset" to "F:/GitHubTelmo/VR_tests/VR_01/Content/StarterContent/Textures/T_Shelf_N.uasset"
[2017.10.13-11.09.36:088][  0]LogPackFactory: Copied "../../../Samples/StarterContent/Content/StarterContent/Textures/T_Single_Tile_N.uasset" to "F:/GitHubTelmo/VR_tests/VR_01/Content/StarterContent/Textures/T_Single_Tile_N.uasset"
[2017.10.13-11.09.36:090][  0]LogPackFactory: Copied "../../../Samples/StarterContent/Content/StarterContent/Textures/T_Smoke_SubUV.uasset" to "F:/GitHubTelmo/VR_tests/VR_01/Content/StarterContent/Textures/T_Smoke_SubUV.uasset"
[2017.10.13-11.09.36:091][  0]LogPackFactory: Copied "../../../Samples/StarterContent/Content/StarterContent/Textures/T_Smoke_Tiled_D.uasset" to "F:/GitHubTelmo/VR_tests/VR_01/Content/StarterContent/Textures/T_Smoke_Tiled_D.uasset"
[2017.10.13-11.09.36:091][  0]LogPackFactory: Copied "../../../Samples/StarterContent/Content/StarterContent/Textures/T_Spark_Core.uasset" to "F:/GitHubTelmo/VR_tests/VR_01/Content/StarterContent/Textures/T_Spark_Core.uasset"
[2017.10.13-11.09.36:092][  0]LogPackFactory: Copied "../../../Samples/StarterContent/Content/StarterContent/Textures/T_Statue_M.uasset" to "F:/GitHubTelmo/VR_tests/VR_01/Content/StarterContent/Textures/T_Statue_M.uasset"
[2017.10.13-11.09.36:093][  0]LogPackFactory: Copied "../../../Samples/StarterContent/Content/StarterContent/Textures/T_Statue_N.uasset" to "F:/GitHubTelmo/VR_tests/VR_01/Content/StarterContent/Textures/T_Statue_N.uasset"
[2017.10.13-11.09.36:095][  0]LogPackFactory: Copied "../../../Samples/StarterContent/Content/StarterContent/Textures/T_TableRound_M.uasset" to "F:/GitHubTelmo/VR_tests/VR_01/Content/StarterContent/Textures/T_TableRound_M.uasset"
[2017.10.13-11.09.36:096][  0]LogPackFactory: Copied "../../../Samples/StarterContent/Content/StarterContent/Textures/T_TableRound_N.uasset" to "F:/GitHubTelmo/VR_tests/VR_01/Content/StarterContent/Textures/T_TableRound_N.uasset"
[2017.10.13-11.09.36:097][  0]LogPackFactory: Copied "../../../Samples/StarterContent/Content/StarterContent/Textures/T_Tech_Dot_M.uasset" to "F:/GitHubTelmo/VR_tests/VR_01/Content/StarterContent/Textures/T_Tech_Dot_M.uasset"
[2017.10.13-11.09.36:098][  0]LogPackFactory: Copied "../../../Samples/StarterContent/Content/StarterContent/Textures/T_Tech_Dot_N.uasset" to "F:/GitHubTelmo/VR_tests/VR_01/Content/StarterContent/Textures/T_Tech_Dot_N.uasset"
[2017.10.13-11.09.36:099][  0]LogPackFactory: Copied "../../../Samples/StarterContent/Content/StarterContent/Textures/T_Tech_Hex_Tile_M.uasset" to "F:/GitHubTelmo/VR_tests/VR_01/Content/StarterContent/Textures/T_Tech_Hex_Tile_M.uasset"
[2017.10.13-11.09.36:100][  0]LogPackFactory: Copied "../../../Samples/StarterContent/Content/StarterContent/Textures/T_Tech_Hex_Tile_N.uasset" to "F:/GitHubTelmo/VR_tests/VR_01/Content/StarterContent/Textures/T_Tech_Hex_Tile_N.uasset"
[2017.10.13-11.09.36:101][  0]LogPackFactory: Copied "../../../Samples/StarterContent/Content/StarterContent/Textures/T_Tech_Panel_M.uasset" to "F:/GitHubTelmo/VR_tests/VR_01/Content/StarterContent/Textures/T_Tech_Panel_M.uasset"
[2017.10.13-11.09.36:103][  0]LogPackFactory: Copied "../../../Samples/StarterContent/Content/StarterContent/Textures/T_Tech_Panel_N.uasset" to "F:/GitHubTelmo/VR_tests/VR_01/Content/StarterContent/Textures/T_Tech_Panel_N.uasset"
[2017.10.13-11.09.36:104][  0]LogPackFactory: Copied "../../../Samples/StarterContent/Content/StarterContent/Textures/T_Water_M.uasset" to "F:/GitHubTelmo/VR_tests/VR_01/Content/StarterContent/Textures/T_Water_M.uasset"
[2017.10.13-11.09.36:106][  0]LogPackFactory: Copied "../../../Samples/StarterContent/Content/StarterContent/Textures/T_Water_N.uasset" to "F:/GitHubTelmo/VR_tests/VR_01/Content/StarterContent/Textures/T_Water_N.uasset"
[2017.10.13-11.09.36:110][  0]LogPackFactory: Copied "../../../Samples/StarterContent/Content/StarterContent/Textures/T_Wood_Floor_Walnut_D.uasset" to "F:/GitHubTelmo/VR_tests/VR_01/Content/StarterContent/Textures/T_Wood_Floor_Walnut_D.uasset"
[2017.10.13-11.09.36:113][  0]LogPackFactory: Copied "../../../Samples/StarterContent/Content/StarterContent/Textures/T_Wood_Floor_Walnut_M.uasset" to "F:/GitHubTelmo/VR_tests/VR_01/Content/StarterContent/Textures/T_Wood_Floor_Walnut_M.uasset"
[2017.10.13-11.09.36:114][  0]LogPackFactory: Copied "../../../Samples/StarterContent/Content/StarterContent/Textures/T_Wood_Floor_Walnut_N.uasset" to "F:/GitHubTelmo/VR_tests/VR_01/Content/StarterContent/Textures/T_Wood_Floor_Walnut_N.uasset"
[2017.10.13-11.09.36:119][  0]LogPackFactory: Copied "../../../Samples/StarterContent/Content/StarterContent/Textures/T_Wood_Oak_D.uasset" to "F:/GitHubTelmo/VR_tests/VR_01/Content/StarterContent/Textures/T_Wood_Oak_D.uasset"
[2017.10.13-11.09.36:123][  0]LogPackFactory: Copied "../../../Samples/StarterContent/Content/StarterContent/Textures/T_Wood_Oak_N.uasset" to "F:/GitHubTelmo/VR_tests/VR_01/Content/StarterContent/Textures/T_Wood_Oak_N.uasset"
[2017.10.13-11.09.36:130][  0]LogPackFactory: Copied "../../../Samples/StarterContent/Content/StarterContent/Textures/T_Wood_Pine_D.uasset" to "F:/GitHubTelmo/VR_tests/VR_01/Content/StarterContent/Textures/T_Wood_Pine_D.uasset"
[2017.10.13-11.09.36:132][  0]LogPackFactory: Copied "../../../Samples/StarterContent/Content/StarterContent/Textures/T_Wood_Pine_N.uasset" to "F:/GitHubTelmo/VR_tests/VR_01/Content/StarterContent/Textures/T_Wood_Pine_N.uasset"
[2017.10.13-11.09.36:137][  0]LogPackFactory: Copied "../../../Samples/StarterContent/Content/StarterContent/Textures/T_Wood_Walnut_D.uasset" to "F:/GitHubTelmo/VR_tests/VR_01/Content/StarterContent/Textures/T_Wood_Walnut_D.uasset"
[2017.10.13-11.09.36:141][  0]LogPackFactory: Copied "../../../Samples/StarterContent/Content/StarterContent/Textures/T_Wood_Walnut_N.uasset" to "F:/GitHubTelmo/VR_tests/VR_01/Content/StarterContent/Textures/T_Wood_Walnut_N.uasset"
[2017.10.13-11.09.36:227][  0]LogRenderer: Reallocating scene render targets to support 256x256 Format 26 NumSamples 1 (Frame:1).
[2017.10.13-11.09.36:623][  0]Cmd: OBJ SAVEPACKAGE PACKAGE="/Game/StarterContent/Architecture/Floor_400x400" FILE="F:/GitHubTelmo/VR_tests/VR_01/Content/StarterContent/Architecture/Floor_400x400.uasset" SILENT=true
[2017.10.13-11.09.36:637][  0]LogSavePackage: Save=11.35ms
[2017.10.13-11.09.36:638][  0]LogSavePackage: Moving 'F:/GitHubTelmo/VR_tests/VR_01/Saved/Floor_400x400B1753B904D3C586DDDF7FFA2D07C4BD5.tmp' to 'F:/GitHubTelmo/VR_tests/VR_01/Content/StarterContent/Architecture/Floor_400x400.uasset'
[2017.10.13-11.09.36:639][  0]LogSavePackage: Display: Finished SavePackage F:/GitHubTelmo/VR_tests/VR_01/Content/StarterContent/Architecture/Floor_400x400.uasset
[2017.10.13-11.09.36:639][  0]LogFeaturePack: Warning: Inserted 1 feature packs
[2017.10.13-11.09.36:641][  0]Cmd: MAP LOAD FILE="F:/GitHubTelmo/VR_tests/VR_01/Content/VirtualRealityBP/Maps/StartupMap.umap" TEMPLATE=0 SHOWPROGRESS=1 FEATURELEVEL=3
[2017.10.13-11.09.36:641][  0]LightingResults: New page: Lighting Build
[2017.10.13-11.09.36:687][  0]MapCheck: New page: Map Check
[2017.10.13-11.09.36:687][  0]LightingResults: New page: Lighting Build
[2017.10.13-11.09.36:809][  0]LogAIModule: Creating AISystem for world StartupMap
[2017.10.13-11.09.36:815][  0]LogEditorServer: Finished looking for orphan Actors (0.000 secs)
[2017.10.13-11.09.36:836][  0]Cmd: MAP CHECKDEP NOCLEARLOG
[2017.10.13-11.09.36:893][  0]MapCheck: Map check complete: 0 Error(s), 0 Warning(s), took 56.364ms to complete.
[2017.10.13-11.09.36:893][  0]LogFileHelpers: Loading map 'StartupMap' took 0.252
[2017.10.13-11.09.36:968][  0]LogWindowsTextInputMethodSystem: Display: IME system now deactivated.
[2017.10.13-11.09.37:061][  0]LogCollectionManager: Loaded 0 collections in 0.003284 seconds
[2017.10.13-11.09.37:157][  0]LogFileCache: Scanning file cache for directory 'F:/GitHubTelmo/VR_tests/VR_01/Saved/Collections/' took 0.01s
[2017.10.13-11.09.37:157][  0]LogFileCache: Scanning file cache for directory 'F:/GitHubTelmo/VR_tests/VR_01/Content/Developers/telsoa01/Collections/' took 0.01s
[2017.10.13-11.09.37:157][  0]LogFileCache: Scanning file cache for directory 'F:/GitHubTelmo/VR_tests/VR_01/Content/Collections/' took 0.01s
[2017.10.13-11.09.37:157][  0]LogCollectionManager: Rebuilt the GUID cache for 0 collections in 0.000000 seconds
[2017.10.13-11.09.37:165][  0]LogContentBrowser: Native class hierarchy populated in 0.0083 seconds. Added 2386 classes and 500 folders.
[2017.10.13-11.09.37:230][  0]LogContentBrowser: Native class hierarchy updated for 'WidgetCarousel' in 0.0006 seconds. Added 0 classes and 0 folders.
[2017.10.13-11.09.37:268][  0]LogContentBrowser: Native class hierarchy updated for 'AddContentDialog' in 0.0006 seconds. Added 0 classes and 0 folders.
[2017.10.13-11.09.37:314][  0]LogContentBrowser: Native class hierarchy updated for 'SceneOutliner' in 0.0006 seconds. Added 1 classes and 2 folders.
[2017.10.13-11.09.37:334][  0]LogSlate: Took 0.000170 seconds to synchronously load lazily loaded font '../../../Engine/Content/Slate/Fonts/Roboto-Regular.ttf' (155K)
[2017.10.13-11.09.37:335][  0]LogSlate: Took 0.000144 seconds to synchronously load lazily loaded font '../../../Engine/Content/Slate/Fonts/Roboto-Bold.ttf' (160K)
[2017.10.13-11.09.37:339][  0]LogSlate: Took 0.000150 seconds to synchronously load lazily loaded font '../../../Engine/Content/Editor/Slate/Fonts/FontAwesome.ttf' (139K)
[2017.10.13-11.09.37:378][  0]LogRenderer: Reallocating scene render targets to support 1208x652 Format 26 NumSamples 1 (Frame:1).
[2017.10.13-11.09.37:430][  0]LogSlate: Took 0.000211 seconds to synchronously load lazily loaded font '../../../Engine/Content/Slate/Fonts/Roboto-Light.ttf' (159K)
[2017.10.13-11.09.37:711][  0]LogContentBrowser: Native class hierarchy updated for 'HierarchicalLODOutliner' in 0.0007 seconds. Added 1 classes and 2 folders.
[2017.10.13-11.09.37:711][  0]LogLoad: (Engine Initialization) Total time: 19.39 seconds
[2017.10.13-11.09.37:711][  0]LogLoad: (Engine Initialization) Total Blueprint compile time: 0.00 seconds
[2017.10.13-11.09.37:711][  0]LogExternalProfiler: Found external profiler: VSPerf
[2017.10.13-11.09.37:711][  0]LogExternalProfiler: Using external profiler: VSPerf
[2017.10.13-11.09.37:739][  0]LogAssetRegistry: Asset discovery search completed in 13.2040 seconds
[2017.10.13-11.09.37:740][  0]LogCollectionManager: Rebuilt the object cache for 0 collections in 0.000000 seconds (found 0 objects)
[2017.10.13-11.09.37:740][  0]LogCollectionManager: Fixed up redirectors for 0 collections in 0.000061 seconds (updated 0 objects)
[2017.10.13-11.09.38:123][  0]LogContentStreaming: Texture pool size now 1000 MB
[2017.10.13-11.09.40:848][239]LogRenderer: Reallocating scene render targets to support 1208x680 Format 26 NumSamples 1 (Frame:242).
[2017.10.13-11.13.46:950][ 37]LogD3D11RHI: Timed out while waiting for GPU to catch up. (0.5 s)
[2017.10.13-11.14.14:621][120]LogD3D11RHI: Timed out while waiting for GPU to catch up. (0.5 s)
[2017.10.13-11.14.15:122][121]LogD3D11RHI: Timed out while waiting for GPU to catch up. (0.5 s)
